0 0
0.005 6.25e-05
0.01 0.000125
0.015 0.0001875
0.02 0.00025
0.025 0.0003125
0.03 0.000375
0.035 0.0004375
0.04 0.0005
0.045 0.0005625
0.05 0.000625
0.055 0.0006875
0.06 0.00075
0.065 0.0008125
0.07 0.000875
0.075 0.0009375
0.08 0.001
0.085 0.0010625
0.09 0.001125
0.095 0.0011875
0.1 0.00125
0.105 0.0013125
0.11 0.001375
0.115 0.0014375
0.12 0.0015
0.125 0.0015625
0.13 0.001625
0.135 0.0016875
0.14 0.00175
0.145 0.0018125
0.15 0.001875
0.155 0.0019375
0.16 0.002
0.165 0.0020625
0.17 0.002125
0.175 0.0021875
0.18 0.00225
0.185 0.0023125
0.19 0.002375
0.195 0.0024375
0.2 0.0025
0.205 0.0025625
0.21 0.002625
0.215 0.0026875
0.22 0.00275
0.225 0.0028125
0.23 0.002875
0.235 0.0029375
0.24 0.003
0.245 0.0030625
0.25 0.003125
0.255 0.0031875
0.26 0.00325
0.265 0.0033125
0.27 0.003375
0.275 0.0034375
0.28 0.0035
0.285 0.00356249
0.29 0.00362499
0.295 0.00368749
0.3 0.00374999
0.305 0.00381249
0.31 0.00387499
0.315 0.00393748
0.32 0.00399998
0.325 0.00406248
0.33 0.00412498
0.335 0.00418747
0.34 0.00424997
0.345 0.00431246
0.35 0.00437496
0.355 0.00443745
0.36 0.00449994
0.365 0.00456243
0.37 0.00462492
0.375 0.00468741
0.38 0.00474989
0.385 0.00481238
0.39 0.00487486
0.395 0.00493733
0.4 0.00499981
0.405 0.00506228
0.41 0.00512475
0.415 0.00518721
0.42 0.00524967
0.425 0.00531212
0.43 0.00537456
0.435 0.005437
0.44 0.00549942
0.445 0.00556184
0.45 0.00562425
0.455 0.00568664
0.46 0.00574902
0.465 0.00581139
0.47 0.00587373
0.475 0.00593606
0.48 0.00599837
0.485 0.00606064
0.49 0.0061229
0.495 0.00618512
0.5 0.0062473
0.505 0.00630945
0.51 0.00637155
0.515 0.00643361
0.52 0.00649561
0.525 0.00655755
0.53 0.00661942
0.535 0.00668122
0.54 0.00674294
0.545 0.00680457
0.55 0.0068661
0.555 0.00692752
0.56 0.00698882
0.565 0.00704998
0.57 0.007111
0.575 0.00717185
0.58 0.00723252
0.585 0.007293
0.59 0.00735326
0.595 0.00741328
0.6 0.00747304
0.605 0.00753252
0.61 0.00759168
0.615 0.00765051
0.62 0.00770896
0.625 0.00776701
0.63 0.00782461
0.635 0.00788174
0.64 0.00793833
0.645 0.00799436
0.65 0.00804978
0.655 0.00810451
0.66 0.00815853
0.665 0.00821175
0.67 0.00826412
0.675 0.00831557
0.68 0.00836603
0.685 0.00841541
0.69 0.00846363
0.695 0.0085106
0.7 0.00855623
0.705 0.00860041
0.71 0.00864305
0.715 0.00868401
0.72 0.00872319
0.725 0.00876045
0.73 0.00879567
0.735 0.00882869
0.74 0.00885936
0.745 0.00888754
0.75 0.00891304
0.755 0.00893569
0.76 0.00895531
0.765 0.00897171
0.77 0.00898467
0.775 0.00899399
0.78 0.00899943
0.785 0.00900078
0.79 0.00899777
0.795 0.00899016
0.8 0.00897767
0.805 0.00896004
0.81 0.00893697
0.815 0.00890815
0.82 0.00887329
0.825 0.00883205
0.83 0.00878409
0.835 0.00872908
0.84 0.00866665
0.845 0.00859642
0.85 0.00851802
0.855 0.00843104
0.86 0.00833509
0.865 0.00822973
0.87 0.00811454
0.875 0.00798907
0.88 0.00785287
0.885 0.00770546
0.89 0.00754638
0.895 0.00737513
0.9 0.00719122
0.905 0.00699411
0.91 0.00678332
0.915 0.00655828
0.92 0.00631847
0.925 0.00606334
0.93 0.00579232
0.935 0.00550485
0.94 0.00520036
0.945 0.00487825
0.95 0.00453794
0.955 0.00417883
0.96 0.00380033
0.965 0.00340181
0.97 0.00298268
0.975 0.0025423
0.98 0.00208006
0.985 0.00159534
0.99 0.00108751
0.995 0.000555941
1 0
