0 0
0.0003125 1.52588e-08
0.000625 3.05176e-08
0.0009375 4.57764e-08
0.00125 6.10352e-08
0.0015625 7.62939e-08
0.001875 9.15527e-08
0.0021875 1.06812e-07
0.0025 1.2207e-07
0.0028125 1.37329e-07
0.003125 1.52588e-07
0.0034375 1.67847e-07
0.00375 1.83105e-07
0.0040625 1.98364e-07
0.004375 2.13623e-07
0.0046875 2.28882e-07
0.005 2.44141e-07
0.0053125 2.59399e-07
0.005625 2.74658e-07
0.0059375 2.89917e-07
0.00625 3.05176e-07
0.0065625 3.20435e-07
0.006875 3.35693e-07
0.0071875 3.50952e-07
0.0075 3.66211e-07
0.0078125 3.8147e-07
0.008125 3.96729e-07
0.0084375 4.11987e-07
0.00875 4.27246e-07
0.0090625 4.42505e-07
0.009375 4.57764e-07
0.0096875 4.73022e-07
0.01 4.88281e-07
0.0103125 5.0354e-07
0.010625 5.18799e-07
0.0109375 5.34058e-07
0.01125 5.49316e-07
0.0115625 5.64575e-07
0.011875 5.79834e-07
0.0121875 5.95093e-07
0.0125 6.10352e-07
0.0128125 6.2561e-07
0.013125 6.40869e-07
0.0134375 6.56128e-07
0.01375 6.71387e-07
0.0140625 6.86646e-07
0.014375 7.01904e-07
0.0146875 7.17163e-07
0.015 7.32422e-07
0.0153125 7.47681e-07
0.015625 7.62939e-07
0.0159375 7.78198e-07
0.01625 7.93457e-07
0.0165625 8.08716e-07
0.016875 8.23975e-07
0.0171875 8.39233e-07
0.0175 8.54492e-07
0.0178125 8.69751e-07
0.018125 8.8501e-07
0.0184375 9.00269e-07
0.01875 9.15527e-07
0.0190625 9.30786e-07
0.019375 9.46045e-07
0.0196875 9.61304e-07
0.02 9.76562e-07
0.0203125 9.91821e-07
0.020625 1.00708e-06
0.0209375 1.02234e-06
0.02125 1.0376e-06
0.0215625 1.05286e-06
0.021875 1.06812e-06
0.0221875 1.08337e-06
0.0225 1.09863e-06
0.0228125 1.11389e-06
0.023125 1.12915e-06
0.0234375 1.14441e-06
0.02375 1.15967e-06
0.0240625 1.17493e-06
0.024375 1.19019e-06
0.0246875 1.20544e-06
0.025 1.2207e-06
0.0253125 1.23596e-06
0.025625 1.25122e-06
0.0259375 1.26648e-06
0.02625 1.28174e-06
0.0265625 1.297e-06
0.026875 1.31226e-06
0.0271875 1.32751e-06
0.0275 1.34277e-06
0.0278125 1.35803e-06
0.028125 1.37329e-06
0.0284375 1.38855e-06
0.02875 1.40381e-06
0.0290625 1.41907e-06
0.029375 1.43433e-06
0.0296875 1.44958e-06
0.03 1.46484e-06
0.0303125 1.4801e-06
0.030625 1.49536e-06
0.0309375 1.51062e-06
0.03125 1.52588e-06
0.0315625 1.54114e-06
0.031875 1.5564e-06
0.0321875 1.57166e-06
0.0325 1.58691e-06
0.0328125 1.60217e-06
0.033125 1.61743e-06
0.0334375 1.63269e-06
0.03375 1.64795e-06
0.0340625 1.66321e-06
0.034375 1.67847e-06
0.0346875 1.69373e-06
0.035 1.70898e-06
0.0353125 1.72424e-06
0.035625 1.7395e-06
0.0359375 1.75476e-06
0.03625 1.77002e-06
0.0365625 1.78528e-06
0.036875 1.80054e-06
0.0371875 1.8158e-06
0.0375 1.83105e-06
0.0378125 1.84631e-06
0.038125 1.86157e-06
0.0384375 1.87683e-06
0.03875 1.89209e-06
0.0390625 1.90735e-06
0.039375 1.92261e-06
0.0396875 1.93787e-06
0.04 1.95312e-06
0.0403125 1.96838e-06
0.040625 1.98364e-06
0.0409375 1.9989e-06
0.04125 2.01416e-06
0.0415625 2.02942e-06
0.041875 2.04468e-06
0.0421875 2.05994e-06
0.0425 2.0752e-06
0.0428125 2.09045e-06
0.043125 2.10571e-06
0.0434375 2.12097e-06
0.04375 2.13623e-06
0.0440625 2.15149e-06
0.044375 2.16675e-06
0.0446875 2.18201e-06
0.045 2.19727e-06
0.0453125 2.21252e-06
0.045625 2.22778e-06
0.0459375 2.24304e-06
0.04625 2.2583e-06
0.0465625 2.27356e-06
0.046875 2.28882e-06
0.0471875 2.30408e-06
0.0475 2.31934e-06
0.0478125 2.33459e-06
0.048125 2.34985e-06
0.0484375 2.36511e-06
0.04875 2.38037e-06
0.0490625 2.39563e-06
0.049375 2.41089e-06
0.0496875 2.42615e-06
0.05 2.44141e-06
0.0503125 2.45667e-06
0.050625 2.47192e-06
0.0509375 2.48718e-06
0.05125 2.50244e-06
0.0515625 2.5177e-06
0.051875 2.53296e-06
0.0521875 2.54822e-06
0.0525 2.56348e-06
0.0528125 2.57874e-06
0.053125 2.59399e-06
0.0534375 2.60925e-06
0.05375 2.62451e-06
0.0540625 2.63977e-06
0.054375 2.65503e-06
0.0546875 2.67029e-06
0.055 2.68555e-06
0.0553125 2.70081e-06
0.055625 2.71606e-06
0.0559375 2.73132e-06
0.05625 2.74658e-06
0.0565625 2.76184e-06
0.056875 2.7771e-06
0.0571875 2.79236e-06
0.0575 2.80762e-06
0.0578125 2.82288e-06
0.058125 2.83813e-06
0.0584375 2.85339e-06
0.05875 2.86865e-06
0.0590625 2.88391e-06
0.059375 2.89917e-06
0.0596875 2.91443e-06
0.06 2.92969e-06
0.0603125 2.94495e-06
0.060625 2.96021e-06
0.0609375 2.97546e-06
0.06125 2.99072e-06
0.0615625 3.00598e-06
0.061875 3.02124e-06
0.0621875 3.0365e-06
0.0625 3.05176e-06
0.0628125 3.06702e-06
0.063125 3.08228e-06
0.0634375 3.09753e-06
0.06375 3.11279e-06
0.0640625 3.12805e-06
0.064375 3.14331e-06
0.0646875 3.15857e-06
0.065 3.17383e-06
0.0653125 3.18909e-06
0.065625 3.20435e-06
0.0659375 3.2196e-06
0.06625 3.23486e-06
0.0665625 3.25012e-06
0.066875 3.26538e-06
0.0671875 3.28064e-06
0.0675 3.2959e-06
0.0678125 3.31116e-06
0.068125 3.32642e-06
0.0684375 3.34167e-06
0.06875 3.35693e-06
0.0690625 3.37219e-06
0.069375 3.38745e-06
0.0696875 3.40271e-06
0.07 3.41797e-06
0.0703125 3.43323e-06
0.070625 3.44849e-06
0.0709375 3.46375e-06
0.07125 3.479e-06
0.0715625 3.49426e-06
0.071875 3.50952e-06
0.0721875 3.52478e-06
0.0725 3.54004e-06
0.0728125 3.5553e-06
0.073125 3.57056e-06
0.0734375 3.58582e-06
0.07375 3.60107e-06
0.0740625 3.61633e-06
0.074375 3.63159e-06
0.0746875 3.64685e-06
0.075 3.66211e-06
0.0753125 3.67737e-06
0.075625 3.69263e-06
0.0759375 3.70789e-06
0.07625 3.72314e-06
0.0765625 3.7384e-06
0.076875 3.75366e-06
0.0771875 3.76892e-06
0.0775 3.78418e-06
0.0778125 3.79944e-06
0.078125 3.8147e-06
0.0784375 3.82996e-06
0.07875 3.84521e-06
0.0790625 3.86047e-06
0.079375 3.87573e-06
0.0796875 3.89099e-06
0.08 3.90625e-06
0.0803125 3.92151e-06
0.080625 3.93677e-06
0.0809375 3.95203e-06
0.08125 3.96729e-06
0.0815625 3.98254e-06
0.081875 3.9978e-06
0.0821875 4.01306e-06
0.0825 4.02832e-06
0.0828125 4.04358e-06
0.083125 4.05884e-06
0.0834375 4.0741e-06
0.08375 4.08936e-06
0.0840625 4.10461e-06
0.084375 4.11987e-06
0.0846875 4.13513e-06
0.085 4.15039e-06
0.0853125 4.16565e-06
0.085625 4.18091e-06
0.0859375 4.19617e-06
0.08625 4.21143e-06
0.0865625 4.22668e-06
0.086875 4.24194e-06
0.0871875 4.2572e-06
0.0875 4.27246e-06
0.0878125 4.28772e-06
0.088125 4.30298e-06
0.0884375 4.31824e-06
0.08875 4.3335e-06
0.0890625 4.34875e-06
0.089375 4.36401e-06
0.0896875 4.37927e-06
0.09 4.39453e-06
0.0903125 4.40979e-06
0.090625 4.42505e-06
0.0909375 4.44031e-06
0.09125 4.45557e-06
0.0915625 4.47083e-06
0.091875 4.48608e-06
0.0921875 4.50134e-06
0.0925 4.5166e-06
0.0928125 4.53186e-06
0.093125 4.54712e-06
0.0934375 4.56238e-06
0.09375 4.57764e-06
0.0940625 4.5929e-06
0.094375 4.60815e-06
0.0946875 4.62341e-06
0.095 4.63867e-06
0.0953125 4.65393e-06
0.095625 4.66919e-06
0.0959375 4.68445e-06
0.09625 4.69971e-06
0.0965625 4.71497e-06
0.096875 4.73022e-06
0.0971875 4.74548e-06
0.0975 4.76074e-06
0.0978125 4.776e-06
0.098125 4.79126e-06
0.0984375 4.80652e-06
0.09875 4.82178e-06
0.0990625 4.83704e-06
0.099375 4.85229e-06
0.0996875 4.86755e-06
0.1 4.88281e-06
0.100312 4.89807e-06
0.100625 4.91333e-06
0.100937 4.92859e-06
0.10125 4.94385e-06
0.101562 4.95911e-06
0.101875 4.97437e-06
0.102188 4.98962e-06
0.1025 5.00488e-06
0.102813 5.02014e-06
0.103125 5.0354e-06
0.103438 5.05066e-06
0.10375 5.06592e-06
0.104063 5.08118e-06
0.104375 5.09644e-06
0.104688 5.11169e-06
0.105 5.12695e-06
0.105313 5.14221e-06
0.105625 5.15747e-06
0.105938 5.17273e-06
0.10625 5.18799e-06
0.106563 5.20325e-06
0.106875 5.21851e-06
0.107188 5.23376e-06
0.1075 5.24902e-06
0.107813 5.26428e-06
0.108125 5.27954e-06
0.108438 5.2948e-06
0.10875 5.31006e-06
0.109063 5.32532e-06
0.109375 5.34058e-06
0.109688 5.35583e-06
0.11 5.37109e-06
0.110313 5.38635e-06
0.110625 5.40161e-06
0.110938 5.41687e-06
0.11125 5.43213e-06
0.111563 5.44739e-06
0.111875 5.46265e-06
0.112187 5.47791e-06
0.1125 5.49316e-06
0.112812 5.50842e-06
0.113125 5.52368e-06
0.113437 5.53894e-06
0.11375 5.5542e-06
0.114062 5.56946e-06
0.114375 5.58472e-06
0.114687 5.59998e-06
0.115 5.61523e-06
0.115312 5.63049e-06
0.115625 5.64575e-06
0.115937 5.66101e-06
0.11625 5.67627e-06
0.116562 5.69153e-06
0.116875 5.70679e-06
0.117188 5.72205e-06
0.1175 5.7373e-06
0.117813 5.75256e-06
0.118125 5.76782e-06
0.118438 5.78308e-06
0.11875 5.79834e-06
0.119063 5.8136e-06
0.119375 5.82886e-06
0.119688 5.84412e-06
0.12 5.85937e-06
0.120313 5.87463e-06
0.120625 5.88989e-06
0.120938 5.90515e-06
0.12125 5.92041e-06
0.121563 5.93567e-06
0.121875 5.95093e-06
0.122188 5.96619e-06
0.1225 5.98145e-06
0.122813 5.9967e-06
0.123125 6.01196e-06
0.123438 6.02722e-06
0.12375 6.04248e-06
0.124063 6.05774e-06
0.124375 6.073e-06
0.124688 6.08826e-06
0.125 6.10352e-06
0.125312 6.11877e-06
0.125625 6.13403e-06
0.125938 6.14929e-06
0.12625 6.16455e-06
0.126562 6.17981e-06
0.126875 6.19507e-06
0.127188 6.21033e-06
0.1275 6.22559e-06
0.127812 6.24084e-06
0.128125 6.2561e-06
0.128438 6.27136e-06
0.12875 6.28662e-06
0.129062 6.30188e-06
0.129375 6.31714e-06
0.129688 6.3324e-06
0.13 6.34766e-06
0.130312 6.36292e-06
0.130625 6.37817e-06
0.130938 6.39343e-06
0.13125 6.40869e-06
0.131562 6.42395e-06
0.131875 6.43921e-06
0.132188 6.45447e-06
0.1325 6.46973e-06
0.132812 6.48499e-06
0.133125 6.50024e-06
0.133438 6.5155e-06
0.13375 6.53076e-06
0.134063 6.54602e-06
0.134375 6.56128e-06
0.134688 6.57654e-06
0.135 6.5918e-06
0.135313 6.60706e-06
0.135625 6.62231e-06
0.135938 6.63757e-06
0.13625 6.65283e-06
0.136563 6.66809e-06
0.136875 6.68335e-06
0.137187 6.69861e-06
0.1375 6.71387e-06
0.137813 6.72913e-06
0.138125 6.74438e-06
0.138437 6.75964e-06
0.13875 6.7749e-06
0.139063 6.79016e-06
0.139375 6.80542e-06
0.139687 6.82068e-06
0.14 6.83594e-06
0.140313 6.8512e-06
0.140625 6.86646e-06
0.140937 6.88171e-06
0.14125 6.89697e-06
0.141563 6.91223e-06
0.141875 6.92749e-06
0.142187 6.94275e-06
0.1425 6.95801e-06
0.142813 6.97327e-06
0.143125 6.98853e-06
0.143437 7.00378e-06
0.14375 7.01904e-06
0.144063 7.0343e-06
0.144375 7.04956e-06
0.144687 7.06482e-06
0.145 7.08008e-06
0.145313 7.09534e-06
0.145625 7.1106e-06
0.145937 7.12585e-06
0.14625 7.14111e-06
0.146563 7.15637e-06
0.146875 7.17163e-06
0.147187 7.18689e-06
0.1475 7.20215e-06
0.147813 7.21741e-06
0.148125 7.23267e-06
0.148438 7.24792e-06
0.14875 7.26318e-06
0.149063 7.27844e-06
0.149375 7.2937e-06
0.149688 7.30896e-06
0.15 7.32422e-06
0.150313 7.33948e-06
0.150625 7.35474e-06
0.150938 7.37e-06
0.15125 7.38525e-06
0.151563 7.40051e-06
0.151875 7.41577e-06
0.152188 7.43103e-06
0.1525 7.44629e-06
0.152812 7.46155e-06
0.153125 7.47681e-06
0.153438 7.49207e-06
0.15375 7.50732e-06
0.154062 7.52258e-06
0.154375 7.53784e-06
0.154688 7.5531e-06
0.155 7.56836e-06
0.155312 7.58362e-06
0.155625 7.59888e-06
0.155938 7.61414e-06
0.15625 7.62939e-06
0.156562 7.64465e-06
0.156875 7.65991e-06
0.157188 7.67517e-06
0.1575 7.69043e-06
0.157812 7.70569e-06
0.158125 7.72095e-06
0.158438 7.73621e-06
0.15875 7.75146e-06
0.159062 7.76672e-06
0.159375 7.78198e-06
0.159688 7.79724e-06
0.16 7.8125e-06
0.160312 7.82776e-06
0.160625 7.84302e-06
0.160938 7.85828e-06
0.16125 7.87354e-06
0.161562 7.88879e-06
0.161875 7.90405e-06
0.162188 7.91931e-06
0.1625 7.93457e-06
0.162812 7.94983e-06
0.163125 7.96509e-06
0.163438 7.98035e-06
0.16375 7.99561e-06
0.164062 8.01086e-06
0.164375 8.02612e-06
0.164688 8.04138e-06
0.165 8.05664e-06
0.165313 8.0719e-06
0.165625 8.08716e-06
0.165938 8.10242e-06
0.16625 8.11768e-06
0.166563 8.13293e-06
0.166875 8.14819e-06
0.167188 8.16345e-06
0.1675 8.17871e-06
0.167813 8.19397e-06
0.168125 8.20923e-06
0.168437 8.22449e-06
0.16875 8.23975e-06
0.169063 8.255e-06
0.169375 8.27026e-06
0.169687 8.28552e-06
0.17 8.30078e-06
0.170313 8.31604e-06
0.170625 8.3313e-06
0.170937 8.34656e-06
0.17125 8.36182e-06
0.171563 8.37708e-06
0.171875 8.39233e-06
0.172187 8.40759e-06
0.1725 8.42285e-06
0.172813 8.43811e-06
0.173125 8.45337e-06
0.173437 8.46863e-06
0.17375 8.48389e-06
0.174063 8.49915e-06
0.174375 8.5144e-06
0.174687 8.52966e-06
0.175 8.54492e-06
0.175313 8.56018e-06
0.175625 8.57544e-06
0.175937 8.5907e-06
0.17625 8.60596e-06
0.176563 8.62122e-06
0.176875 8.63647e-06
0.177187 8.65173e-06
0.1775 8.66699e-06
0.177813 8.68225e-06
0.178125 8.69751e-06
0.178437 8.71277e-06
0.17875 8.72803e-06
0.179063 8.74329e-06
0.179375 8.75854e-06
0.179688 8.7738e-06
0.18 8.78906e-06
0.180313 8.80432e-06
0.180625 8.81958e-06
0.180938 8.83484e-06
0.18125 8.8501e-06
0.181563 8.86536e-06
0.181875 8.88062e-06
0.182188 8.89587e-06
0.1825 8.91113e-06
0.182813 8.92639e-06
0.183125 8.94165e-06
0.183438 8.95691e-06
0.18375 8.97217e-06
0.184062 8.98743e-06
0.184375 9.00269e-06
0.184688 9.01794e-06
0.185 9.0332e-06
0.185312 9.04846e-06
0.185625 9.06372e-06
0.185938 9.07898e-06
0.18625 9.09424e-06
0.186562 9.1095e-06
0.186875 9.12476e-06
0.187188 9.14001e-06
0.1875 9.15527e-06
0.187812 9.17053e-06
0.188125 9.18579e-06
0.188438 9.20105e-06
0.18875 9.21631e-06
0.189062 9.23157e-06
0.189375 9.24683e-06
0.189688 9.26208e-06
0.19 9.27734e-06
0.190312 9.2926e-06
0.190625 9.30786e-06
0.190938 9.32312e-06
0.19125 9.33838e-06
0.191562 9.35364e-06
0.191875 9.3689e-06
0.192188 9.38416e-06
0.1925 9.39941e-06
0.192812 9.41467e-06
0.193125 9.42993e-06
0.193438 9.44519e-06
0.19375 9.46045e-06
0.194062 9.47571e-06
0.194375 9.49097e-06
0.194688 9.50623e-06
0.195 9.52148e-06
0.195312 9.53674e-06
0.195625 9.552e-06
0.195938 9.56726e-06
0.19625 9.58252e-06
0.196563 9.59778e-06
0.196875 9.61304e-06
0.197188 9.6283e-06
0.1975 9.64355e-06
0.197813 9.65881e-06
0.198125 9.67407e-06
0.198438 9.68933e-06
0.19875 9.70459e-06
0.199063 9.71985e-06
0.199375 9.73511e-06
0.199688 9.75037e-06
0.2 9.76562e-06
0.200313 9.78088e-06
0.200625 9.79614e-06
0.200937 9.8114e-06
0.20125 9.82666e-06
0.201563 9.84192e-06
0.201875 9.85718e-06
0.202187 9.87244e-06
0.2025 9.8877e-06
0.202813 9.90295e-06
0.203125 9.91821e-06
0.203437 9.93347e-06
0.20375 9.94873e-06
0.204063 9.96399e-06
0.204375 9.97925e-06
0.204687 9.99451e-06
0.205 1.00098e-05
0.205313 1.0025e-05
0.205625 1.00403e-05
0.205937 1.00555e-05
0.20625 1.00708e-05
0.206563 1.00861e-05
0.206875 1.01013e-05
0.207187 1.01166e-05
0.2075 1.01318e-05
0.207813 1.01471e-05
0.208125 1.01624e-05
0.208437 1.01776e-05
0.20875 1.01929e-05
0.209063 1.02081e-05
0.209375 1.02234e-05
0.209687 1.02386e-05
0.21 1.02539e-05
0.210313 1.02692e-05
0.210625 1.02844e-05
0.210938 1.02997e-05
0.21125 1.03149e-05
0.211563 1.03302e-05
0.211875 1.03455e-05
0.212188 1.03607e-05
0.2125 1.0376e-05
0.212813 1.03912e-05
0.213125 1.04065e-05
0.213438 1.04218e-05
0.21375 1.0437e-05
0.214063 1.04523e-05
0.214375 1.04675e-05
0.214688 1.04828e-05
0.215 1.0498e-05
0.215313 1.05133e-05
0.215625 1.05286e-05
0.215938 1.05438e-05
0.21625 1.05591e-05
0.216562 1.05743e-05
0.216875 1.05896e-05
0.217188 1.06049e-05
0.2175 1.06201e-05
0.217812 1.06354e-05
0.218125 1.06506e-05
0.218438 1.06659e-05
0.21875 1.06812e-05
0.219062 1.06964e-05
0.219375 1.07117e-05
0.219688 1.07269e-05
0.22 1.07422e-05
0.220312 1.07574e-05
0.220625 1.07727e-05
0.220938 1.0788e-05
0.22125 1.08032e-05
0.221562 1.08185e-05
0.221875 1.08337e-05
0.222188 1.0849e-05
0.2225 1.08643e-05
0.222812 1.08795e-05
0.223125 1.08948e-05
0.223438 1.091e-05
0.22375 1.09253e-05
0.224062 1.09406e-05
0.224375 1.09558e-05
0.224688 1.09711e-05
0.225 1.09863e-05
0.225312 1.10016e-05
0.225625 1.10168e-05
0.225938 1.10321e-05
0.22625 1.10474e-05
0.226562 1.10626e-05
0.226875 1.10779e-05
0.227188 1.10931e-05
0.2275 1.11084e-05
0.227813 1.11237e-05
0.228125 1.11389e-05
0.228438 1.11542e-05
0.22875 1.11694e-05
0.229063 1.11847e-05
0.229375 1.12e-05
0.229688 1.12152e-05
0.23 1.12305e-05
0.230313 1.12457e-05
0.230625 1.1261e-05
0.230938 1.12762e-05
0.23125 1.12915e-05
0.231563 1.13068e-05
0.231875 1.1322e-05
0.232187 1.13373e-05
0.2325 1.13525e-05
0.232813 1.13678e-05
0.233125 1.13831e-05
0.233437 1.13983e-05
0.23375 1.14136e-05
0.234063 1.14288e-05
0.234375 1.14441e-05
0.234687 1.14594e-05
0.235 1.14746e-05
0.235313 1.14899e-05
0.235625 1.15051e-05
0.235937 1.15204e-05
0.23625 1.15356e-05
0.236563 1.15509e-05
0.236875 1.15662e-05
0.237187 1.15814e-05
0.2375 1.15967e-05
0.237813 1.16119e-05
0.238125 1.16272e-05
0.238437 1.16425e-05
0.23875 1.16577e-05
0.239063 1.1673e-05
0.239375 1.16882e-05
0.239687 1.17035e-05
0.24 1.17187e-05
0.240313 1.1734e-05
0.240625 1.17493e-05
0.240937 1.17645e-05
0.24125 1.17798e-05
0.241563 1.1795e-05
0.241875 1.18103e-05
0.242188 1.18256e-05
0.2425 1.18408e-05
0.242813 1.18561e-05
0.243125 1.18713e-05
0.243438 1.18866e-05
0.24375 1.19019e-05
0.244063 1.19171e-05
0.244375 1.19324e-05
0.244688 1.19476e-05
0.245 1.19629e-05
0.245313 1.19781e-05
0.245625 1.19934e-05
0.245938 1.20087e-05
0.24625 1.20239e-05
0.246563 1.20392e-05
0.246875 1.20544e-05
0.247188 1.20697e-05
0.2475 1.2085e-05
0.247813 1.21002e-05
0.248125 1.21155e-05
0.248438 1.21307e-05
0.24875 1.2146e-05
0.249062 1.21613e-05
0.249375 1.21765e-05
0.249688 1.21918e-05
0.25 1.2207e-05
0.250312 1.22223e-05
0.250625 1.22375e-05
0.250937 1.22528e-05
0.25125 1.22681e-05
0.251563 1.22833e-05
0.251875 1.22986e-05
0.252188 1.23138e-05
0.2525 1.23291e-05
0.252812 1.23444e-05
0.253125 1.23596e-05
0.253437 1.23749e-05
0.25375 1.23901e-05
0.254063 1.24054e-05
0.254375 1.24207e-05
0.254688 1.24359e-05
0.255 1.24512e-05
0.255312 1.24664e-05
0.255625 1.24817e-05
0.255937 1.24969e-05
0.25625 1.25122e-05
0.256563 1.25275e-05
0.256875 1.25427e-05
0.257188 1.2558e-05
0.2575 1.25732e-05
0.257812 1.25885e-05
0.258125 1.26038e-05
0.258437 1.2619e-05
0.25875 1.26343e-05
0.259063 1.26495e-05
0.259375 1.26648e-05
0.259688 1.26801e-05
0.26 1.26953e-05
0.260313 1.27106e-05
0.260625 1.27258e-05
0.260937 1.27411e-05
0.26125 1.27563e-05
0.261563 1.27716e-05
0.261875 1.27869e-05
0.262188 1.28021e-05
0.2625 1.28174e-05
0.262813 1.28326e-05
0.263125 1.28479e-05
0.263437 1.28632e-05
0.26375 1.28784e-05
0.264062 1.28937e-05
0.264375 1.29089e-05
0.264688 1.29242e-05
0.265 1.29395e-05
0.265313 1.29547e-05
0.265625 1.297e-05
0.265937 1.29852e-05
0.26625 1.30005e-05
0.266562 1.30157e-05
0.266875 1.3031e-05
0.267188 1.30463e-05
0.2675 1.30615e-05
0.267813 1.30768e-05
0.268125 1.3092e-05
0.268437 1.31073e-05
0.26875 1.31226e-05
0.269062 1.31378e-05
0.269375 1.31531e-05
0.269688 1.31683e-05
0.27 1.31836e-05
0.270313 1.31989e-05
0.270625 1.32141e-05
0.270937 1.32294e-05
0.27125 1.32446e-05
0.271562 1.32599e-05
0.271875 1.32751e-05
0.272188 1.32904e-05
0.2725 1.33057e-05
0.272813 1.33209e-05
0.273125 1.33362e-05
0.273438 1.33514e-05
0.27375 1.33667e-05
0.274062 1.3382e-05
0.274375 1.33972e-05
0.274688 1.34125e-05
0.275 1.34277e-05
0.275313 1.3443e-05
0.275625 1.34583e-05
0.275938 1.34735e-05
0.27625 1.34888e-05
0.276562 1.3504e-05
0.276875 1.35193e-05
0.277188 1.35345e-05
0.2775 1.35498e-05
0.277813 1.35651e-05
0.278125 1.35803e-05
0.278438 1.35956e-05
0.27875 1.36108e-05
0.279062 1.36261e-05
0.279375 1.36414e-05
0.279688 1.36566e-05
0.28 1.36719e-05
0.280313 1.36871e-05
0.280625 1.37024e-05
0.280938 1.37177e-05
0.28125 1.37329e-05
0.281562 1.37482e-05
0.281875 1.37634e-05
0.282187 1.37787e-05
0.2825 1.37939e-05
0.282813 1.38092e-05
0.283125 1.38245e-05
0.283438 1.38397e-05
0.28375 1.3855e-05
0.284062 1.38702e-05
0.284375 1.38855e-05
0.284687 1.39008e-05
0.285 1.3916e-05
0.285313 1.39313e-05
0.285625 1.39465e-05
0.285938 1.39618e-05
0.28625 1.39771e-05
0.286562 1.39923e-05
0.286875 1.40076e-05
0.287187 1.40228e-05
0.2875 1.40381e-05
0.287813 1.40533e-05
0.288125 1.40686e-05
0.288438 1.40839e-05
0.28875 1.40991e-05
0.289062 1.41144e-05
0.289375 1.41296e-05
0.289687 1.41449e-05
0.29 1.41602e-05
0.290313 1.41754e-05
0.290625 1.41907e-05
0.290938 1.42059e-05
0.29125 1.42212e-05
0.291563 1.42365e-05
0.291875 1.42517e-05
0.292187 1.4267e-05
0.2925 1.42822e-05
0.292813 1.42975e-05
0.293125 1.43127e-05
0.293438 1.4328e-05
0.29375 1.43433e-05
0.294063 1.43585e-05
0.294375 1.43738e-05
0.294687 1.4389e-05
0.295 1.44043e-05
0.295313 1.44196e-05
0.295625 1.44348e-05
0.295938 1.44501e-05
0.29625 1.44653e-05
0.296563 1.44806e-05
0.296875 1.44958e-05
0.297187 1.45111e-05
0.2975 1.45264e-05
0.297812 1.45416e-05
0.298125 1.45569e-05
0.298438 1.45721e-05
0.29875 1.45874e-05
0.299063 1.46027e-05
0.299375 1.46179e-05
0.299687 1.46332e-05
0.3 1.46484e-05
0.300312 1.46637e-05
0.300625 1.4679e-05
0.300938 1.46942e-05
0.30125 1.47095e-05
0.301563 1.47247e-05
0.301875 1.474e-05
0.302187 1.47552e-05
0.3025 1.47705e-05
0.302812 1.47858e-05
0.303125 1.4801e-05
0.303438 1.48163e-05
0.30375 1.48315e-05
0.304063 1.48468e-05
0.304375 1.48621e-05
0.304688 1.48773e-05
0.305 1.48926e-05
0.305312 1.49078e-05
0.305625 1.49231e-05
0.305938 1.49384e-05
0.30625 1.49536e-05
0.306563 1.49689e-05
0.306875 1.49841e-05
0.307188 1.49994e-05
0.3075 1.50146e-05
0.307812 1.50299e-05
0.308125 1.50452e-05
0.308438 1.50604e-05
0.30875 1.50757e-05
0.309063 1.50909e-05
0.309375 1.51062e-05
0.309688 1.51215e-05
0.31 1.51367e-05
0.310312 1.5152e-05
0.310625 1.51672e-05
0.310938 1.51825e-05
0.31125 1.51978e-05
0.311563 1.5213e-05
0.311875 1.52283e-05
0.312188 1.52435e-05
0.3125 1.52588e-05
0.312812 1.5274e-05
0.313125 1.52893e-05
0.313437 1.53046e-05
0.31375 1.53198e-05
0.314063 1.53351e-05
0.314375 1.53503e-05
0.314688 1.53656e-05
0.315 1.53809e-05
0.315312 1.53961e-05
0.315625 1.54114e-05
0.315937 1.54266e-05
0.31625 1.54419e-05
0.316563 1.54572e-05
0.316875 1.54724e-05
0.317188 1.54877e-05
0.3175 1.55029e-05
0.317812 1.55182e-05
0.318125 1.55334e-05
0.318437 1.55487e-05
0.31875 1.5564e-05
0.319063 1.55792e-05
0.319375 1.55945e-05
0.319688 1.56097e-05
0.32 1.5625e-05
0.320312 1.56403e-05
0.320625 1.56555e-05
0.320937 1.56708e-05
0.32125 1.5686e-05
0.321563 1.57013e-05
0.321875 1.57166e-05
0.322188 1.57318e-05
0.3225 1.57471e-05
0.322813 1.57623e-05
0.323125 1.57776e-05
0.323437 1.57928e-05
0.32375 1.58081e-05
0.324063 1.58234e-05
0.324375 1.58386e-05
0.324688 1.58539e-05
0.325 1.58691e-05
0.325313 1.58844e-05
0.325625 1.58997e-05
0.325937 1.59149e-05
0.32625 1.59302e-05
0.326563 1.59454e-05
0.326875 1.59607e-05
0.327188 1.5976e-05
0.3275 1.59912e-05
0.327813 1.60065e-05
0.328125 1.60217e-05
0.328437 1.6037e-05
0.32875 1.60522e-05
0.329062 1.60675e-05
0.329375 1.60828e-05
0.329688 1.6098e-05
0.33 1.61133e-05
0.330313 1.61285e-05
0.330625 1.61438e-05
0.330937 1.61591e-05
0.33125 1.61743e-05
0.331562 1.61896e-05
0.331875 1.62048e-05
0.332188 1.62201e-05
0.3325 1.62354e-05
0.332813 1.62506e-05
0.333125 1.62659e-05
0.333437 1.62811e-05
0.33375 1.62964e-05
0.334062 1.63116e-05
0.334375 1.63269e-05
0.334688 1.63422e-05
0.335 1.63574e-05
0.335313 1.63727e-05
0.335625 1.63879e-05
0.335938 1.64032e-05
0.33625 1.64185e-05
0.336562 1.64337e-05
0.336875 1.6449e-05
0.337188 1.64642e-05
0.3375 1.64795e-05
0.337813 1.64948e-05
0.338125 1.651e-05
0.338438 1.65253e-05
0.33875 1.65405e-05
0.339062 1.65558e-05
0.339375 1.6571e-05
0.339688 1.65863e-05
0.34 1.66016e-05
0.340313 1.66168e-05
0.340625 1.66321e-05
0.340938 1.66473e-05
0.34125 1.66626e-05
0.341562 1.66779e-05
0.341875 1.66931e-05
0.342188 1.67084e-05
0.3425 1.67236e-05
0.342813 1.67389e-05
0.343125 1.67542e-05
0.343438 1.67694e-05
0.34375 1.67847e-05
0.344062 1.67999e-05
0.344375 1.68152e-05
0.344687 1.68304e-05
0.345 1.68457e-05
0.345313 1.6861e-05
0.345625 1.68762e-05
0.345938 1.68915e-05
0.34625 1.69067e-05
0.346562 1.6922e-05
0.346875 1.69373e-05
0.347187 1.69525e-05
0.3475 1.69678e-05
0.347813 1.6983e-05
0.348125 1.69983e-05
0.348438 1.70135e-05
0.34875 1.70288e-05
0.349062 1.70441e-05
0.349375 1.70593e-05
0.349687 1.70746e-05
0.35 1.70898e-05
0.350313 1.71051e-05
0.350625 1.71204e-05
0.350938 1.71356e-05
0.35125 1.71509e-05
0.351562 1.71661e-05
0.351875 1.71814e-05
0.352187 1.71967e-05
0.3525 1.72119e-05
0.352813 1.72272e-05
0.353125 1.72424e-05
0.353438 1.72577e-05
0.35375 1.72729e-05
0.354063 1.72882e-05
0.354375 1.73035e-05
0.354687 1.73187e-05
0.355 1.7334e-05
0.355313 1.73492e-05
0.355625 1.73645e-05
0.355938 1.73798e-05
0.35625 1.7395e-05
0.356563 1.74103e-05
0.356875 1.74255e-05
0.357187 1.74408e-05
0.3575 1.74561e-05
0.357813 1.74713e-05
0.358125 1.74866e-05
0.358438 1.75018e-05
0.35875 1.75171e-05
0.359063 1.75323e-05
0.359375 1.75476e-05
0.359687 1.75629e-05
0.36 1.75781e-05
0.360312 1.75934e-05
0.360625 1.76086e-05
0.360938 1.76239e-05
0.36125 1.76392e-05
0.361563 1.76544e-05
0.361875 1.76697e-05
0.362187 1.76849e-05
0.3625 1.77002e-05
0.362812 1.77155e-05
0.363125 1.77307e-05
0.363438 1.7746e-05
0.36375 1.77612e-05
0.364063 1.77765e-05
0.364375 1.77917e-05
0.364687 1.7807e-05
0.365 1.78223e-05
0.365312 1.78375e-05
0.365625 1.78528e-05
0.365938 1.7868e-05
0.36625 1.78833e-05
0.366563 1.78986e-05
0.366875 1.79138e-05
0.367188 1.79291e-05
0.3675 1.79443e-05
0.367812 1.79596e-05
0.368125 1.79749e-05
0.368438 1.79901e-05
0.36875 1.80054e-05
0.369063 1.80206e-05
0.369375 1.80359e-05
0.369688 1.80511e-05
0.37 1.80664e-05
0.370312 1.80817e-05
0.370625 1.80969e-05
0.370938 1.81122e-05
0.37125 1.81274e-05
0.371563 1.81427e-05
0.371875 1.8158e-05
0.372188 1.81732e-05
0.3725 1.81885e-05
0.372812 1.82037e-05
0.373125 1.8219e-05
0.373438 1.82343e-05
0.37375 1.82495e-05
0.374063 1.82648e-05
0.374375 1.828e-05
0.374688 1.82953e-05
0.375 1.83105e-05
0.375312 1.83258e-05
0.375625 1.83411e-05
0.375938 1.83563e-05
0.37625 1.83716e-05
0.376563 1.83868e-05
0.376875 1.84021e-05
0.377188 1.84174e-05
0.3775 1.84326e-05
0.377812 1.84479e-05
0.378125 1.84631e-05
0.378437 1.84784e-05
0.37875 1.84937e-05
0.379063 1.85089e-05
0.379375 1.85242e-05
0.379688 1.85394e-05
0.38 1.85547e-05
0.380312 1.85699e-05
0.380625 1.85852e-05
0.380937 1.86005e-05
0.38125 1.86157e-05
0.381563 1.8631e-05
0.381875 1.86462e-05
0.382188 1.86615e-05
0.3825 1.86768e-05
0.382812 1.8692e-05
0.383125 1.87073e-05
0.383437 1.87225e-05
0.38375 1.87378e-05
0.384063 1.87531e-05
0.384375 1.87683e-05
0.384688 1.87836e-05
0.385 1.87988e-05
0.385313 1.88141e-05
0.385625 1.88293e-05
0.385937 1.88446e-05
0.38625 1.88599e-05
0.386563 1.88751e-05
0.386875 1.88904e-05
0.387188 1.89056e-05
0.3875 1.89209e-05
0.387813 1.89362e-05
0.388125 1.89514e-05
0.388437 1.89667e-05
0.38875 1.89819e-05
0.389063 1.89972e-05
0.389375 1.90125e-05
0.389688 1.90277e-05
0.39 1.9043e-05
0.390313 1.90582e-05
0.390625 1.90735e-05
0.390937 1.90887e-05
0.39125 1.9104e-05
0.391563 1.91193e-05
0.391875 1.91345e-05
0.392188 1.91498e-05
0.3925 1.9165e-05
0.392813 1.91803e-05
0.393125 1.91956e-05
0.393437 1.92108e-05
0.39375 1.92261e-05
0.394062 1.92413e-05
0.394375 1.92566e-05
0.394688 1.92719e-05
0.395 1.92871e-05
0.395313 1.93024e-05
0.395625 1.93176e-05
0.395937 1.93329e-05
0.39625 1.93481e-05
0.396562 1.93634e-05
0.396875 1.93787e-05
0.397188 1.93939e-05
0.3975 1.94092e-05
0.397813 1.94244e-05
0.398125 1.94397e-05
0.398438 1.9455e-05
0.39875 1.94702e-05
0.399062 1.94855e-05
0.399375 1.95007e-05
0.399688 1.9516e-05
0.4 1.95312e-05
0.400313 1.95465e-05
0.400625 1.95618e-05
0.400938 1.9577e-05
0.40125 1.95923e-05
0.401562 1.96075e-05
0.401875 1.96228e-05
0.402188 1.96381e-05
0.4025 1.96533e-05
0.402813 1.96686e-05
0.403125 1.96838e-05
0.403438 1.96991e-05
0.40375 1.97144e-05
0.404062 1.97296e-05
0.404375 1.97449e-05
0.404688 1.97601e-05
0.405 1.97754e-05
0.405313 1.97906e-05
0.405625 1.98059e-05
0.405938 1.98212e-05
0.40625 1.98364e-05
0.406562 1.98517e-05
0.406875 1.98669e-05
0.407188 1.98822e-05
0.4075 1.98975e-05
0.407813 1.99127e-05
0.408125 1.9928e-05
0.408438 1.99432e-05
0.40875 1.99585e-05
0.409062 1.99738e-05
0.409375 1.9989e-05
0.409687 2.00043e-05
0.41 2.00195e-05
0.410313 2.00348e-05
0.410625 2.005e-05
0.410938 2.00653e-05
0.41125 2.00806e-05
0.411562 2.00958e-05
0.411875 2.01111e-05
0.412187 2.01263e-05
0.4125 2.01416e-05
0.412813 2.01569e-05
0.413125 2.01721e-05
0.413438 2.01874e-05
0.41375 2.02026e-05
0.414062 2.02179e-05
0.414375 2.02332e-05
0.414687 2.02484e-05
0.415 2.02637e-05
0.415313 2.02789e-05
0.415625 2.02942e-05
0.415938 2.03094e-05
0.41625 2.03247e-05
0.416563 2.034e-05
0.416875 2.03552e-05
0.417187 2.03705e-05
0.4175 2.03857e-05
0.417813 2.0401e-05
0.418125 2.04163e-05
0.418438 2.04315e-05
0.41875 2.04468e-05
0.419063 2.0462e-05
0.419375 2.04773e-05
0.419687 2.04926e-05
0.42 2.05078e-05
0.420313 2.05231e-05
0.420625 2.05383e-05
0.420938 2.05536e-05
0.42125 2.05688e-05
0.421563 2.05841e-05
0.421875 2.05994e-05
0.422187 2.06146e-05
0.4225 2.06299e-05
0.422813 2.06451e-05
0.423125 2.06604e-05
0.423438 2.06757e-05
0.42375 2.06909e-05
0.424063 2.07062e-05
0.424375 2.07214e-05
0.424687 2.07367e-05
0.425 2.0752e-05
0.425312 2.07672e-05
0.425625 2.07825e-05
0.425938 2.07977e-05
0.42625 2.0813e-05
0.426563 2.08282e-05
0.426875 2.08435e-05
0.427187 2.08588e-05
0.4275 2.0874e-05
0.427812 2.08893e-05
0.428125 2.09045e-05
0.428438 2.09198e-05
0.42875 2.09351e-05
0.429063 2.09503e-05
0.429375 2.09656e-05
0.429688 2.09808e-05
0.43 2.09961e-05
0.430312 2.10114e-05
0.430625 2.10266e-05
0.430938 2.10419e-05
0.43125 2.10571e-05
0.431563 2.10724e-05
0.431875 2.10876e-05
0.432188 2.11029e-05
0.4325 2.11182e-05
0.432812 2.11334e-05
0.433125 2.11487e-05
0.433438 2.11639e-05
0.43375 2.11792e-05
0.434063 2.11945e-05
0.434375 2.12097e-05
0.434688 2.1225e-05
0.435 2.12402e-05
0.435312 2.12555e-05
0.435625 2.12708e-05
0.435938 2.1286e-05
0.43625 2.13013e-05
0.436563 2.13165e-05
0.436875 2.13318e-05
0.437188 2.1347e-05
0.4375 2.13623e-05
0.437812 2.13776e-05
0.438125 2.13928e-05
0.438438 2.14081e-05
0.43875 2.14233e-05
0.439063 2.14386e-05
0.439375 2.14539e-05
0.439688 2.14691e-05
0.44 2.14844e-05
0.440312 2.14996e-05
0.440625 2.15149e-05
0.440937 2.15302e-05
0.44125 2.15454e-05
0.441563 2.15607e-05
0.441875 2.15759e-05
0.442188 2.15912e-05
0.4425 2.16064e-05
0.442812 2.16217e-05
0.443125 2.1637e-05
0.443437 2.16522e-05
0.44375 2.16675e-05
0.444063 2.16827e-05
0.444375 2.1698e-05
0.444688 2.17133e-05
0.445 2.17285e-05
0.445312 2.17438e-05
0.445625 2.1759e-05
0.445937 2.17743e-05
0.44625 2.17896e-05
0.446563 2.18048e-05
0.446875 2.18201e-05
0.447188 2.18353e-05
0.4475 2.18506e-05
0.447813 2.18658e-05
0.448125 2.18811e-05
0.448437 2.18964e-05
0.44875 2.19116e-05
0.449063 2.19269e-05
0.449375 2.19421e-05
0.449688 2.19574e-05
0.45 2.19727e-05
0.450313 2.19879e-05
0.450625 2.20032e-05
0.450937 2.20184e-05
0.45125 2.20337e-05
0.451563 2.2049e-05
0.451875 2.20642e-05
0.452188 2.20795e-05
0.4525 2.20947e-05
0.452813 2.211e-05
0.453125 2.21252e-05
0.453437 2.21405e-05
0.45375 2.21558e-05
0.454063 2.2171e-05
0.454375 2.21863e-05
0.454688 2.22015e-05
0.455 2.22168e-05
0.455313 2.22321e-05
0.455625 2.22473e-05
0.455937 2.22626e-05
0.45625 2.22778e-05
0.456562 2.22931e-05
0.456875 2.23083e-05
0.457188 2.23236e-05
0.4575 2.23389e-05
0.457813 2.23541e-05
0.458125 2.23694e-05
0.458437 2.23846e-05
0.45875 2.23999e-05
0.459062 2.24152e-05
0.459375 2.24304e-05
0.459688 2.24457e-05
0.46 2.24609e-05
0.460313 2.24762e-05
0.460625 2.24915e-05
0.460938 2.25067e-05
0.46125 2.2522e-05
0.461562 2.25372e-05
0.461875 2.25525e-05
0.462188 2.25677e-05
0.4625 2.2583e-05
0.462813 2.25983e-05
0.463125 2.26135e-05
0.463438 2.26288e-05
0.46375 2.2644e-05
0.464062 2.26593e-05
0.464375 2.26746e-05
0.464688 2.26898e-05
0.465 2.27051e-05
0.465313 2.27203e-05
0.465625 2.27356e-05
0.465938 2.27509e-05
0.46625 2.27661e-05
0.466562 2.27814e-05
0.466875 2.27966e-05
0.467188 2.28119e-05
0.4675 2.28271e-05
0.467813 2.28424e-05
0.468125 2.28577e-05
0.468438 2.28729e-05
0.46875 2.28882e-05
0.469062 2.29034e-05
0.469375 2.29187e-05
0.469688 2.2934e-05
0.47 2.29492e-05
0.470313 2.29645e-05
0.470625 2.29797e-05
0.470938 2.2995e-05
0.47125 2.30103e-05
0.471562 2.30255e-05
0.471875 2.30408e-05
0.472187 2.3056e-05
0.4725 2.30713e-05
0.472813 2.30865e-05
0.473125 2.31018e-05
0.473438 2.31171e-05
0.47375 2.31323e-05
0.474062 2.31476e-05
0.474375 2.31628e-05
0.474687 2.31781e-05
0.475 2.31934e-05
0.475313 2.32086e-05
0.475625 2.32239e-05
0.475938 2.32391e-05
0.47625 2.32544e-05
0.476562 2.32697e-05
0.476875 2.32849e-05
0.477187 2.33002e-05
0.4775 2.33154e-05
0.477813 2.33307e-05
0.478125 2.33459e-05
0.478438 2.33612e-05
0.47875 2.33765e-05
0.479063 2.33917e-05
0.479375 2.3407e-05
0.479687 2.34222e-05
0.48 2.34375e-05
0.480313 2.34528e-05
0.480625 2.3468e-05
0.480938 2.34833e-05
0.48125 2.34985e-05
0.481563 2.35138e-05
0.481875 2.35291e-05
0.482187 2.35443e-05
0.4825 2.35596e-05
0.482813 2.35748e-05
0.483125 2.35901e-05
0.483438 2.36053e-05
0.48375 2.36206e-05
0.484063 2.36359e-05
0.484375 2.36511e-05
0.484687 2.36664e-05
0.485 2.36816e-05
0.485313 2.36969e-05
0.485625 2.37122e-05
0.485938 2.37274e-05
0.48625 2.37427e-05
0.486563 2.37579e-05
0.486875 2.37732e-05
0.487187 2.37885e-05
0.4875 2.38037e-05
0.487813 2.3819e-05
0.488125 2.38342e-05
0.488438 2.38495e-05
0.48875 2.38647e-05
0.489063 2.388e-05
0.489375 2.38953e-05
0.489687 2.39105e-05
0.49 2.39258e-05
0.490312 2.3941e-05
0.490625 2.39563e-05
0.490938 2.39716e-05
0.49125 2.39868e-05
0.491563 2.40021e-05
0.491875 2.40173e-05
0.492188 2.40326e-05
0.4925 2.40479e-05
0.492812 2.40631e-05
0.493125 2.40784e-05
0.493438 2.40936e-05
0.49375 2.41089e-05
0.494063 2.41241e-05
0.494375 2.41394e-05
0.494688 2.41547e-05
0.495 2.41699e-05
0.495312 2.41852e-05
0.495625 2.42004e-05
0.495938 2.42157e-05
0.49625 2.4231e-05
0.496563 2.42462e-05
0.496875 2.42615e-05
0.497188 2.42767e-05
0.4975 2.4292e-05
0.497812 2.43073e-05
0.498125 2.43225e-05
0.498438 2.43378e-05
0.49875 2.4353e-05
0.499063 2.43683e-05
0.499375 2.43835e-05
0.499688 2.43988e-05
0.5 2.44141e-05
0.500313 2.44293e-05
0.500625 2.44446e-05
0.500938 2.44598e-05
0.50125 2.44751e-05
0.501563 2.44904e-05
0.501875 2.45056e-05
0.502188 2.45209e-05
0.5025 2.45361e-05
0.502812 2.45514e-05
0.503125 2.45667e-05
0.503437 2.45819e-05
0.50375 2.45972e-05
0.504062 2.46124e-05
0.504375 2.46277e-05
0.504687 2.46429e-05
0.505 2.46582e-05
0.505313 2.46735e-05
0.505625 2.46887e-05
0.505938 2.4704e-05
0.50625 2.47192e-05
0.506563 2.47345e-05
0.506875 2.47498e-05
0.507188 2.4765e-05
0.5075 2.47803e-05
0.507812 2.47955e-05
0.508125 2.48108e-05
0.508437 2.4826e-05
0.50875 2.48413e-05
0.509062 2.48566e-05
0.509375 2.48718e-05
0.509687 2.48871e-05
0.51 2.49023e-05
0.510313 2.49176e-05
0.510625 2.49329e-05
0.510938 2.49481e-05
0.51125 2.49634e-05
0.511563 2.49786e-05
0.511875 2.49939e-05
0.512188 2.50092e-05
0.5125 2.50244e-05
0.512813 2.50397e-05
0.513125 2.50549e-05
0.513437 2.50702e-05
0.51375 2.50854e-05
0.514062 2.51007e-05
0.514375 2.5116e-05
0.514687 2.51312e-05
0.515 2.51465e-05
0.515313 2.51617e-05
0.515625 2.5177e-05
0.515938 2.51923e-05
0.51625 2.52075e-05
0.516563 2.52228e-05
0.516875 2.5238e-05
0.517188 2.52533e-05
0.5175 2.52686e-05
0.517813 2.52838e-05
0.518125 2.52991e-05
0.518437 2.53143e-05
0.51875 2.53296e-05
0.519062 2.53448e-05
0.519375 2.53601e-05
0.519687 2.53754e-05
0.52 2.53906e-05
0.520312 2.54059e-05
0.520625 2.54211e-05
0.520938 2.54364e-05
0.52125 2.54517e-05
0.521563 2.54669e-05
0.521875 2.54822e-05
0.522188 2.54974e-05
0.5225 2.55127e-05
0.522813 2.5528e-05
0.523125 2.55432e-05
0.523438 2.55585e-05
0.52375 2.55737e-05
0.524062 2.5589e-05
0.524375 2.56042e-05
0.524687 2.56195e-05
0.525 2.56348e-05
0.525312 2.565e-05
0.525625 2.56653e-05
0.525938 2.56805e-05
0.52625 2.56958e-05
0.526563 2.57111e-05
0.526875 2.57263e-05
0.527188 2.57416e-05
0.5275 2.57568e-05
0.527813 2.57721e-05
0.528125 2.57874e-05
0.528438 2.58026e-05
0.52875 2.58179e-05
0.529062 2.58331e-05
0.529375 2.58484e-05
0.529687 2.58636e-05
0.53 2.58789e-05
0.530312 2.58942e-05
0.530625 2.59094e-05
0.530938 2.59247e-05
0.53125 2.59399e-05
0.531563 2.59552e-05
0.531875 2.59705e-05
0.532188 2.59857e-05
0.5325 2.6001e-05
0.532813 2.60162e-05
0.533125 2.60315e-05
0.533438 2.60468e-05
0.53375 2.6062e-05
0.534062 2.60773e-05
0.534375 2.60925e-05
0.534687 2.61078e-05
0.535 2.6123e-05
0.535312 2.61383e-05
0.535625 2.61536e-05
0.535938 2.61688e-05
0.53625 2.61841e-05
0.536563 2.61993e-05
0.536875 2.62146e-05
0.537188 2.62299e-05
0.5375 2.62451e-05
0.537813 2.62604e-05
0.538125 2.62756e-05
0.538438 2.62909e-05
0.53875 2.63062e-05
0.539062 2.63214e-05
0.539375 2.63367e-05
0.539687 2.63519e-05
0.54 2.63672e-05
0.540312 2.63824e-05
0.540625 2.63977e-05
0.540937 2.6413e-05
0.54125 2.64282e-05
0.541563 2.64435e-05
0.541875 2.64587e-05
0.542188 2.6474e-05
0.5425 2.64893e-05
0.542813 2.65045e-05
0.543125 2.65198e-05
0.543438 2.6535e-05
0.54375 2.65503e-05
0.544063 2.65656e-05
0.544375 2.65808e-05
0.544687 2.65961e-05
0.545 2.66113e-05
0.545312 2.66266e-05
0.545625 2.66418e-05
0.545937 2.66571e-05
0.54625 2.66724e-05
0.546563 2.66876e-05
0.546875 2.67029e-05
0.547188 2.67181e-05
0.5475 2.67334e-05
0.547813 2.67487e-05
0.548125 2.67639e-05
0.548438 2.67792e-05
0.54875 2.67944e-05
0.549063 2.68097e-05
0.549375 2.6825e-05
0.549687 2.68402e-05
0.55 2.68555e-05
0.550312 2.68707e-05
0.550625 2.6886e-05
0.550937 2.69012e-05
0.55125 2.69165e-05
0.551563 2.69318e-05
0.551875 2.6947e-05
0.552188 2.69623e-05
0.5525 2.69775e-05
0.552813 2.69928e-05
0.553125 2.70081e-05
0.553438 2.70233e-05
0.55375 2.70386e-05
0.554063 2.70538e-05
0.554375 2.70691e-05
0.554688 2.70844e-05
0.555 2.70996e-05
0.555312 2.71149e-05
0.555625 2.71301e-05
0.555937 2.71454e-05
0.55625 2.71606e-05
0.556562 2.71759e-05
0.556875 2.71912e-05
0.557188 2.72064e-05
0.5575 2.72217e-05
0.557813 2.72369e-05
0.558125 2.72522e-05
0.558438 2.72675e-05
0.55875 2.72827e-05
0.559063 2.7298e-05
0.559375 2.73132e-05
0.559688 2.73285e-05
0.56 2.73437e-05
0.560312 2.7359e-05
0.560625 2.73743e-05
0.560937 2.73895e-05
0.56125 2.74048e-05
0.561562 2.742e-05
0.561875 2.74353e-05
0.562188 2.74506e-05
0.5625 2.74658e-05
0.562813 2.74811e-05
0.563125 2.74963e-05
0.563438 2.75116e-05
0.56375 2.75269e-05
0.564063 2.75421e-05
0.564375 2.75574e-05
0.564688 2.75726e-05
0.565 2.75879e-05
0.565312 2.76031e-05
0.565625 2.76184e-05
0.565937 2.76337e-05
0.56625 2.76489e-05
0.566562 2.76642e-05
0.566875 2.76794e-05
0.567188 2.76947e-05
0.5675 2.771e-05
0.567813 2.77252e-05
0.568125 2.77405e-05
0.568438 2.77557e-05
0.56875 2.7771e-05
0.569063 2.77863e-05
0.569375 2.78015e-05
0.569688 2.78168e-05
0.57 2.7832e-05
0.570312 2.78473e-05
0.570625 2.78625e-05
0.570937 2.78778e-05
0.57125 2.78931e-05
0.571562 2.79083e-05
0.571875 2.79236e-05
0.572187 2.79388e-05
0.5725 2.79541e-05
0.572813 2.79694e-05
0.573125 2.79846e-05
0.573438 2.79999e-05
0.57375 2.80151e-05
0.574063 2.80304e-05
0.574375 2.80457e-05
0.574688 2.80609e-05
0.575 2.80762e-05
0.575313 2.80914e-05
0.575625 2.81067e-05
0.575937 2.81219e-05
0.57625 2.81372e-05
0.576562 2.81525e-05
0.576875 2.81677e-05
0.577187 2.8183e-05
0.5775 2.81982e-05
0.577813 2.82135e-05
0.578125 2.82288e-05
0.578438 2.8244e-05
0.57875 2.82593e-05
0.579063 2.82745e-05
0.579375 2.82898e-05
0.579688 2.83051e-05
0.58 2.83203e-05
0.580313 2.83356e-05
0.580625 2.83508e-05
0.580937 2.83661e-05
0.58125 2.83813e-05
0.581562 2.83966e-05
0.581875 2.84119e-05
0.582187 2.84271e-05
0.5825 2.84424e-05
0.582813 2.84576e-05
0.583125 2.84729e-05
0.583438 2.84882e-05
0.58375 2.85034e-05
0.584063 2.85187e-05
0.584375 2.85339e-05
0.584688 2.85492e-05
0.585 2.85645e-05
0.585313 2.85797e-05
0.585625 2.8595e-05
0.585938 2.86102e-05
0.58625 2.86255e-05
0.586562 2.86407e-05
0.586875 2.8656e-05
0.587187 2.86713e-05
0.5875 2.86865e-05
0.587812 2.87018e-05
0.588125 2.8717e-05
0.588438 2.87323e-05
0.58875 2.87476e-05
0.589063 2.87628e-05
0.589375 2.87781e-05
0.589688 2.87933e-05
0.59 2.88086e-05
0.590313 2.88239e-05
0.590625 2.88391e-05
0.590938 2.88544e-05
0.59125 2.88696e-05
0.591562 2.88849e-05
0.591875 2.89001e-05
0.592187 2.89154e-05
0.5925 2.89307e-05
0.592812 2.89459e-05
0.593125 2.89612e-05
0.593438 2.89764e-05
0.59375 2.89917e-05
0.594063 2.9007e-05
0.594375 2.90222e-05
0.594688 2.90375e-05
0.595 2.90527e-05
0.595313 2.9068e-05
0.595625 2.90833e-05
0.595938 2.90985e-05
0.59625 2.91138e-05
0.596562 2.9129e-05
0.596875 2.91443e-05
0.597187 2.91595e-05
0.5975 2.91748e-05
0.597812 2.91901e-05
0.598125 2.92053e-05
0.598438 2.92206e-05
0.59875 2.92358e-05
0.599063 2.92511e-05
0.599375 2.92664e-05
0.599688 2.92816e-05
0.6 2.92969e-05
0.600313 2.93121e-05
0.600625 2.93274e-05
0.600938 2.93427e-05
0.60125 2.93579e-05
0.601562 2.93732e-05
0.601875 2.93884e-05
0.602187 2.94037e-05
0.6025 2.94189e-05
0.602812 2.94342e-05
0.603125 2.94495e-05
0.603437 2.94647e-05
0.60375 2.948e-05
0.604063 2.94952e-05
0.604375 2.95105e-05
0.604688 2.95258e-05
0.605 2.9541e-05
0.605313 2.95563e-05
0.605625 2.95715e-05
0.605938 2.95868e-05
0.60625 2.96021e-05
0.606563 2.96173e-05
0.606875 2.96326e-05
0.607187 2.96478e-05
0.6075 2.96631e-05
0.607812 2.96783e-05
0.608125 2.96936e-05
0.608437 2.97089e-05
0.60875 2.97241e-05
0.609063 2.97394e-05
0.609375 2.97546e-05
0.609688 2.97699e-05
0.61 2.97852e-05
0.610313 2.98004e-05
0.610625 2.98157e-05
0.610938 2.98309e-05
0.61125 2.98462e-05
0.611563 2.98615e-05
0.611875 2.98767e-05
0.612187 2.9892e-05
0.6125 2.99072e-05
0.612812 2.99225e-05
0.613125 2.99377e-05
0.613437 2.9953e-05
0.61375 2.99683e-05
0.614063 2.99835e-05
0.614375 2.99988e-05
0.614688 3.0014e-05
0.615 3.00293e-05
0.615313 3.00446e-05
0.615625 3.00598e-05
0.615938 3.00751e-05
0.61625 3.00903e-05
0.616563 3.01056e-05
0.616875 3.01208e-05
0.617188 3.01361e-05
0.6175 3.01514e-05
0.617812 3.01666e-05
0.618125 3.01819e-05
0.618437 3.01971e-05
0.61875 3.02124e-05
0.619062 3.02277e-05
0.619375 3.02429e-05
0.619688 3.02582e-05
0.62 3.02734e-05
0.620313 3.02887e-05
0.620625 3.0304e-05
0.620938 3.03192e-05
0.62125 3.03345e-05
0.621563 3.03497e-05
0.621875 3.0365e-05
0.622188 3.03802e-05
0.6225 3.03955e-05
0.622812 3.04108e-05
0.623125 3.0426e-05
0.623437 3.04413e-05
0.62375 3.04565e-05
0.624062 3.04718e-05
0.624375 3.04871e-05
0.624688 3.05023e-05
0.625 3.05176e-05
0.625313 3.05328e-05
0.625625 3.05481e-05
0.625938 3.05634e-05
0.62625 3.05786e-05
0.626563 3.05939e-05
0.626875 3.06091e-05
0.627188 3.06244e-05
0.6275 3.06396e-05
0.627812 3.06549e-05
0.628125 3.06702e-05
0.628437 3.06854e-05
0.62875 3.07007e-05
0.629062 3.07159e-05
0.629375 3.07312e-05
0.629688 3.07465e-05
0.63 3.07617e-05
0.630313 3.0777e-05
0.630625 3.07922e-05
0.630938 3.08075e-05
0.63125 3.08228e-05
0.631563 3.0838e-05
0.631875 3.08533e-05
0.632188 3.08685e-05
0.6325 3.08838e-05
0.632812 3.0899e-05
0.633125 3.09143e-05
0.633437 3.09296e-05
0.63375 3.09448e-05
0.634062 3.09601e-05
0.634375 3.09753e-05
0.634687 3.09906e-05
0.635 3.10059e-05
0.635313 3.10211e-05
0.635625 3.10364e-05
0.635938 3.10516e-05
0.63625 3.10669e-05
0.636563 3.10822e-05
0.636875 3.10974e-05
0.637188 3.11127e-05
0.6375 3.11279e-05
0.637813 3.11432e-05
0.638125 3.11584e-05
0.638437 3.11737e-05
0.63875 3.1189e-05
0.639062 3.12042e-05
0.639375 3.12195e-05
0.639687 3.12347e-05
0.64 3.125e-05
0.640313 3.12653e-05
0.640625 3.12805e-05
0.640938 3.12958e-05
0.64125 3.1311e-05
0.641563 3.13263e-05
0.641875 3.13416e-05
0.642188 3.13568e-05
0.6425 3.13721e-05
0.642813 3.13873e-05
0.643125 3.14026e-05
0.643437 3.14178e-05
0.64375 3.14331e-05
0.644062 3.14484e-05
0.644375 3.14636e-05
0.644687 3.14789e-05
0.645 3.14941e-05
0.645313 3.15094e-05
0.645625 3.15247e-05
0.645938 3.15399e-05
0.64625 3.15552e-05
0.646563 3.15704e-05
0.646875 3.15857e-05
0.647188 3.1601e-05
0.6475 3.16162e-05
0.647813 3.16315e-05
0.648125 3.16467e-05
0.648438 3.1662e-05
0.64875 3.16772e-05
0.649062 3.16925e-05
0.649375 3.17078e-05
0.649687 3.1723e-05
0.65 3.17383e-05
0.650312 3.17535e-05
0.650625 3.17688e-05
0.650938 3.17841e-05
0.65125 3.17993e-05
0.651563 3.18146e-05
0.651875 3.18298e-05
0.652188 3.18451e-05
0.6525 3.18604e-05
0.652813 3.18756e-05
0.653125 3.18909e-05
0.653438 3.19061e-05
0.65375 3.19214e-05
0.654062 3.19366e-05
0.654375 3.19519e-05
0.654687 3.19672e-05
0.655 3.19824e-05
0.655312 3.19977e-05
0.655625 3.20129e-05
0.655938 3.20282e-05
0.65625 3.20435e-05
0.656563 3.20587e-05
0.656875 3.2074e-05
0.657188 3.20892e-05
0.6575 3.21045e-05
0.657813 3.21198e-05
0.658125 3.2135e-05
0.658438 3.21503e-05
0.65875 3.21655e-05
0.659062 3.21808e-05
0.659375 3.2196e-05
0.659687 3.22113e-05
0.66 3.22266e-05
0.660312 3.22418e-05
0.660625 3.22571e-05
0.660938 3.22723e-05
0.66125 3.22876e-05
0.661563 3.23029e-05
0.661875 3.23181e-05
0.662188 3.23334e-05
0.6625 3.23486e-05
0.662813 3.23639e-05
0.663125 3.23792e-05
0.663438 3.23944e-05
0.66375 3.24097e-05
0.664062 3.24249e-05
0.664375 3.24402e-05
0.664687 3.24554e-05
0.665 3.24707e-05
0.665312 3.2486e-05
0.665625 3.25012e-05
0.665937 3.25165e-05
0.66625 3.25317e-05
0.666563 3.2547e-05
0.666875 3.25623e-05
0.667188 3.25775e-05
0.6675 3.25928e-05
0.667813 3.2608e-05
0.668125 3.26233e-05
0.668438 3.26385e-05
0.66875 3.26538e-05
0.669063 3.26691e-05
0.669375 3.26843e-05
0.669687 3.26996e-05
0.67 3.27148e-05
0.670312 3.27301e-05
0.670625 3.27454e-05
0.670937 3.27606e-05
0.67125 3.27759e-05
0.671563 3.27911e-05
0.671875 3.28064e-05
0.672188 3.28217e-05
0.6725 3.28369e-05
0.672813 3.28522e-05
0.673125 3.28674e-05
0.673438 3.28827e-05
0.67375 3.28979e-05
0.674063 3.29132e-05
0.674375 3.29285e-05
0.674687 3.29437e-05
0.675 3.2959e-05
0.675312 3.29742e-05
0.675625 3.29895e-05
0.675937 3.30048e-05
0.67625 3.302e-05
0.676563 3.30353e-05
0.676875 3.30505e-05
0.677188 3.30658e-05
0.6775 3.30811e-05
0.677813 3.30963e-05
0.678125 3.31116e-05
0.678438 3.31268e-05
0.67875 3.31421e-05
0.679063 3.31573e-05
0.679375 3.31726e-05
0.679688 3.31879e-05
0.68 3.32031e-05
0.680312 3.32184e-05
0.680625 3.32336e-05
0.680937 3.32489e-05
0.68125 3.32642e-05
0.681562 3.32794e-05
0.681875 3.32947e-05
0.682188 3.33099e-05
0.6825 3.33252e-05
0.682813 3.33405e-05
0.683125 3.33557e-05
0.683438 3.3371e-05
0.68375 3.33862e-05
0.684063 3.34015e-05
0.684375 3.34167e-05
0.684688 3.3432e-05
0.685 3.34473e-05
0.685312 3.34625e-05
0.685625 3.34778e-05
0.685937 3.3493e-05
0.68625 3.35083e-05
0.686562 3.35236e-05
0.686875 3.35388e-05
0.687188 3.35541e-05
0.6875 3.35693e-05
0.687813 3.35846e-05
0.688125 3.35999e-05
0.688438 3.36151e-05
0.68875 3.36304e-05
0.689063 3.36456e-05
0.689375 3.36609e-05
0.689688 3.36761e-05
0.69 3.36914e-05
0.690312 3.37067e-05
0.690625 3.37219e-05
0.690937 3.37372e-05
0.69125 3.37524e-05
0.691562 3.37677e-05
0.691875 3.3783e-05
0.692188 3.37982e-05
0.6925 3.38135e-05
0.692813 3.38287e-05
0.693125 3.3844e-05
0.693438 3.38593e-05
0.69375 3.38745e-05
0.694063 3.38898e-05
0.694375 3.3905e-05
0.694688 3.39203e-05
0.695 3.39355e-05
0.695312 3.39508e-05
0.695625 3.39661e-05
0.695937 3.39813e-05
0.69625 3.39966e-05
0.696562 3.40118e-05
0.696875 3.40271e-05
0.697187 3.40424e-05
0.6975 3.40576e-05
0.697813 3.40729e-05
0.698125 3.40881e-05
0.698438 3.41034e-05
0.69875 3.41187e-05
0.699063 3.41339e-05
0.699375 3.41492e-05
0.699688 3.41644e-05
0.7 3.41797e-05
0.700313 3.41949e-05
0.700625 3.42102e-05
0.700937 3.42255e-05
0.70125 3.42407e-05
0.701562 3.4256e-05
0.701875 3.42712e-05
0.702187 3.42865e-05
0.7025 3.43018e-05
0.702813 3.4317e-05
0.703125 3.43323e-05
0.703438 3.43475e-05
0.70375 3.43628e-05
0.704063 3.43781e-05
0.704375 3.43933e-05
0.704688 3.44086e-05
0.705 3.44238e-05
0.705313 3.44391e-05
0.705625 3.44543e-05
0.705937 3.44696e-05
0.70625 3.44849e-05
0.706562 3.45001e-05
0.706875 3.45154e-05
0.707187 3.45306e-05
0.7075 3.45459e-05
0.707813 3.45612e-05
0.708125 3.45764e-05
0.708438 3.45917e-05
0.70875 3.46069e-05
0.709063 3.46222e-05
0.709375 3.46375e-05
0.709688 3.46527e-05
0.71 3.4668e-05
0.710313 3.46832e-05
0.710625 3.46985e-05
0.710938 3.47137e-05
0.71125 3.4729e-05
0.711562 3.47443e-05
0.711875 3.47595e-05
0.712187 3.47748e-05
0.7125 3.479e-05
0.712812 3.48053e-05
0.713125 3.48206e-05
0.713438 3.48358e-05
0.71375 3.48511e-05
0.714063 3.48663e-05
0.714375 3.48816e-05
0.714688 3.48969e-05
0.715 3.49121e-05
0.715313 3.49274e-05
0.715625 3.49426e-05
0.715938 3.49579e-05
0.71625 3.49731e-05
0.716562 3.49884e-05
0.716875 3.50037e-05
0.717187 3.50189e-05
0.7175 3.50342e-05
0.717812 3.50494e-05
0.718125 3.50647e-05
0.718438 3.508e-05
0.71875 3.50952e-05
0.719063 3.51105e-05
0.719375 3.51257e-05
0.719688 3.5141e-05
0.72 3.51562e-05
0.720313 3.51715e-05
0.720625 3.51868e-05
0.720938 3.5202e-05
0.72125 3.52173e-05
0.721562 3.52325e-05
0.721875 3.52478e-05
0.722187 3.52631e-05
0.7225 3.52783e-05
0.722812 3.52936e-05
0.723125 3.53088e-05
0.723438 3.53241e-05
0.72375 3.53394e-05
0.724063 3.53546e-05
0.724375 3.53699e-05
0.724688 3.53851e-05
0.725 3.54004e-05
0.725313 3.54156e-05
0.725625 3.54309e-05
0.725938 3.54462e-05
0.72625 3.54614e-05
0.726562 3.54767e-05
0.726875 3.54919e-05
0.727187 3.55072e-05
0.7275 3.55225e-05
0.727812 3.55377e-05
0.728125 3.5553e-05
0.728437 3.55682e-05
0.72875 3.55835e-05
0.729063 3.55988e-05
0.729375 3.5614e-05
0.729688 3.56293e-05
0.73 3.56445e-05
0.730313 3.56598e-05
0.730625 3.5675e-05
0.730938 3.56903e-05
0.73125 3.57056e-05
0.731563 3.57208e-05
0.731875 3.57361e-05
0.732187 3.57513e-05
0.7325 3.57666e-05
0.732812 3.57819e-05
0.733125 3.57971e-05
0.733437 3.58124e-05
0.73375 3.58276e-05
0.734063 3.58429e-05
0.734375 3.58582e-05
0.734688 3.58734e-05
0.735 3.58887e-05
0.735313 3.59039e-05
0.735625 3.59192e-05
0.735938 3.59344e-05
0.73625 3.59497e-05
0.736563 3.5965e-05
0.736875 3.59802e-05
0.737187 3.59955e-05
0.7375 3.60107e-05
0.737812 3.6026e-05
0.738125 3.60413e-05
0.738437 3.60565e-05
0.73875 3.60718e-05
0.739063 3.6087e-05
0.739375 3.61023e-05
0.739688 3.61176e-05
0.74 3.61328e-05
0.740313 3.61481e-05
0.740625 3.61633e-05
0.740938 3.61786e-05
0.74125 3.61938e-05
0.741563 3.62091e-05
0.741875 3.62244e-05
0.742188 3.62396e-05
0.7425 3.62549e-05
0.742812 3.62701e-05
0.743125 3.62854e-05
0.743437 3.63007e-05
0.74375 3.63159e-05
0.744062 3.63312e-05
0.744375 3.63464e-05
0.744688 3.63617e-05
0.745 3.6377e-05
0.745313 3.63922e-05
0.745625 3.64075e-05
0.745938 3.64227e-05
0.74625 3.6438e-05
0.746563 3.64532e-05
0.746875 3.64685e-05
0.747188 3.64838e-05
0.7475 3.6499e-05
0.747812 3.65143e-05
0.748125 3.65295e-05
0.748437 3.65448e-05
0.74875 3.65601e-05
0.749062 3.65753e-05
0.749375 3.65906e-05
0.749688 3.66058e-05
0.75 3.66211e-05
0.750313 3.66364e-05
0.750625 3.66516e-05
0.750938 3.66669e-05
0.75125 3.66821e-05
0.751563 3.66974e-05
0.751875 3.67126e-05
0.752188 3.67279e-05
0.7525 3.67432e-05
0.752812 3.67584e-05
0.753125 3.67737e-05
0.753437 3.67889e-05
0.75375 3.68042e-05
0.754062 3.68195e-05
0.754375 3.68347e-05
0.754688 3.685e-05
0.755 3.68652e-05
0.755313 3.68805e-05
0.755625 3.68958e-05
0.755938 3.6911e-05
0.75625 3.69263e-05
0.756563 3.69415e-05
0.756875 3.69568e-05
0.757188 3.6972e-05
0.7575 3.69873e-05
0.757812 3.70026e-05
0.758125 3.70178e-05
0.758437 3.70331e-05
0.75875 3.70483e-05
0.759062 3.70636e-05
0.759375 3.70789e-05
0.759688 3.70941e-05
0.76 3.71094e-05
0.760313 3.71246e-05
0.760625 3.71399e-05
0.760938 3.71552e-05
0.76125 3.71704e-05
0.761563 3.71857e-05
0.761875 3.72009e-05
0.762188 3.72162e-05
0.7625 3.72314e-05
0.762813 3.72467e-05
0.763125 3.7262e-05
0.763437 3.72772e-05
0.76375 3.72925e-05
0.764062 3.73077e-05
0.764375 3.7323e-05
0.764687 3.73383e-05
0.765 3.73535e-05
0.765313 3.73688e-05
0.765625 3.7384e-05
0.765938 3.73993e-05
0.76625 3.74146e-05
0.766563 3.74298e-05
0.766875 3.74451e-05
0.767188 3.74603e-05
0.7675 3.74756e-05
0.767813 3.74908e-05
0.768125 3.75061e-05
0.768437 3.75214e-05
0.76875 3.75366e-05
0.769062 3.75519e-05
0.769375 3.75671e-05
0.769687 3.75824e-05
0.77 3.75977e-05
0.770313 3.76129e-05
0.770625 3.76282e-05
0.770938 3.76434e-05
0.77125 3.76587e-05
0.771563 3.7674e-05
0.771875 3.76892e-05
0.772188 3.77045e-05
0.7725 3.77197e-05
0.772813 3.7735e-05
0.773125 3.77502e-05
0.773438 3.77655e-05
0.77375 3.77808e-05
0.774062 3.7796e-05
0.774375 3.78113e-05
0.774687 3.78265e-05
0.775 3.78418e-05
0.775313 3.78571e-05
0.775625 3.78723e-05
0.775938 3.78876e-05
0.77625 3.79028e-05
0.776563 3.79181e-05
0.776875 3.79333e-05
0.777188 3.79486e-05
0.7775 3.79639e-05
0.777813 3.79791e-05
0.778125 3.79944e-05
0.778438 3.80096e-05
0.77875 3.80249e-05
0.779062 3.80402e-05
0.779375 3.80554e-05
0.779687 3.80707e-05
0.78 3.80859e-05
0.780312 3.81012e-05
0.780625 3.81165e-05
0.780938 3.81317e-05
0.78125 3.8147e-05
0.781563 3.81622e-05
0.781875 3.81775e-05
0.782188 3.81927e-05
0.7825 3.8208e-05
0.782813 3.82233e-05
0.783125 3.82385e-05
0.783438 3.82538e-05
0.78375 3.8269e-05
0.784062 3.82843e-05
0.784375 3.82996e-05
0.784687 3.83148e-05
0.785 3.83301e-05
0.785312 3.83453e-05
0.785625 3.83606e-05
0.785938 3.83759e-05
0.78625 3.83911e-05
0.786563 3.84064e-05
0.786875 3.84216e-05
0.787188 3.84369e-05
0.7875 3.84521e-05
0.787813 3.84674e-05
0.788125 3.84827e-05
0.788438 3.84979e-05
0.78875 3.85132e-05
0.789062 3.85284e-05
0.789375 3.85437e-05
0.789687 3.8559e-05
0.79 3.85742e-05
0.790312 3.85895e-05
0.790625 3.86047e-05
0.790938 3.862e-05
0.79125 3.86353e-05
0.791563 3.86505e-05
0.791875 3.86658e-05
0.792188 3.8681e-05
0.7925 3.86963e-05
0.792813 3.87115e-05
0.793125 3.87268e-05
0.793438 3.87421e-05
0.79375 3.87573e-05
0.794063 3.87726e-05
0.794375 3.87878e-05
0.794687 3.88031e-05
0.795 3.88184e-05
0.795312 3.88336e-05
0.795625 3.88489e-05
0.795937 3.88641e-05
0.79625 3.88794e-05
0.796563 3.88947e-05
0.796875 3.89099e-05
0.797188 3.89252e-05
0.7975 3.89404e-05
0.797813 3.89557e-05
0.798125 3.89709e-05
0.798438 3.89862e-05
0.79875 3.90015e-05
0.799063 3.90167e-05
0.799375 3.9032e-05
0.799687 3.90472e-05
0.8 3.90625e-05
0.800312 3.90778e-05
0.800625 3.9093e-05
0.800937 3.91083e-05
0.80125 3.91235e-05
0.801563 3.91388e-05
0.801875 3.91541e-05
0.802188 3.91693e-05
0.8025 3.91846e-05
0.802813 3.91998e-05
0.803125 3.92151e-05
0.803438 3.92303e-05
0.80375 3.92456e-05
0.804063 3.92609e-05
0.804375 3.92761e-05
0.804688 3.92914e-05
0.805 3.93066e-05
0.805312 3.93219e-05
0.805625 3.93372e-05
0.805937 3.93524e-05
0.80625 3.93677e-05
0.806563 3.93829e-05
0.806875 3.93982e-05
0.807188 3.94135e-05
0.8075 3.94287e-05
0.807813 3.9444e-05
0.808125 3.94592e-05
0.808438 3.94745e-05
0.80875 3.94897e-05
0.809063 3.9505e-05
0.809375 3.95203e-05
0.809688 3.95355e-05
0.81 3.95508e-05
0.810312 3.9566e-05
0.810625 3.95813e-05
0.810937 3.95966e-05
0.81125 3.96118e-05
0.811562 3.96271e-05
0.811875 3.96423e-05
0.812188 3.96576e-05
0.8125 3.96729e-05
0.812813 3.96881e-05
0.813125 3.97034e-05
0.813438 3.97186e-05
0.81375 3.97339e-05
0.814063 3.97491e-05
0.814375 3.97644e-05
0.814688 3.97797e-05
0.815 3.97949e-05
0.815312 3.98102e-05
0.815625 3.98254e-05
0.815937 3.98407e-05
0.81625 3.9856e-05
0.816562 3.98712e-05
0.816875 3.98865e-05
0.817188 3.99017e-05
0.8175 3.9917e-05
0.817813 3.99323e-05
0.818125 3.99475e-05
0.818438 3.99628e-05
0.81875 3.9978e-05
0.819063 3.99933e-05
0.819375 4.00085e-05
0.819688 4.00238e-05
0.82 4.00391e-05
0.820312 4.00543e-05
0.820625 4.00696e-05
0.820937 4.00848e-05
0.82125 4.01001e-05
0.821562 4.01154e-05
0.821875 4.01306e-05
0.822188 4.01459e-05
0.8225 4.01611e-05
0.822813 4.01764e-05
0.823125 4.01917e-05
0.823438 4.02069e-05
0.82375 4.02222e-05
0.824063 4.02374e-05
0.824375 4.02527e-05
0.824688 4.02679e-05
0.825 4.02832e-05
0.825313 4.02985e-05
0.825625 4.03137e-05
0.825937 4.0329e-05
0.82625 4.03442e-05
0.826562 4.03595e-05
0.826875 4.03748e-05
0.827187 4.039e-05
0.8275 4.04053e-05
0.827813 4.04205e-05
0.828125 4.04358e-05
0.828438 4.0451e-05
0.82875 4.04663e-05
0.829063 4.04816e-05
0.829375 4.04968e-05
0.829688 4.05121e-05
0.83 4.05273e-05
0.830313 4.05426e-05
0.830625 4.05579e-05
0.830937 4.05731e-05
0.83125 4.05884e-05
0.831562 4.06036e-05
0.831875 4.06189e-05
0.832187 4.06342e-05
0.8325 4.06494e-05
0.832813 4.06647e-05
0.833125 4.06799e-05
0.833438 4.06952e-05
0.83375 4.07104e-05
0.834063 4.07257e-05
0.834375 4.0741e-05
0.834688 4.07562e-05
0.835 4.07715e-05
0.835313 4.07867e-05
0.835625 4.0802e-05
0.835938 4.08173e-05
0.83625 4.08325e-05
0.836562 4.08478e-05
0.836875 4.0863e-05
0.837187 4.08783e-05
0.8375 4.08936e-05
0.837813 4.09088e-05
0.838125 4.09241e-05
0.838438 4.09393e-05
0.83875 4.09546e-05
0.839063 4.09698e-05
0.839375 4.09851e-05
0.839688 4.10004e-05
0.84 4.10156e-05
0.840313 4.10309e-05
0.840625 4.10461e-05
0.840938 4.10614e-05
0.84125 4.10767e-05
0.841562 4.10919e-05
0.841875 4.11072e-05
0.842187 4.11224e-05
0.8425 4.11377e-05
0.842812 4.1153e-05
0.843125 4.11682e-05
0.843438 4.11835e-05
0.84375 4.11987e-05
0.844063 4.1214e-05
0.844375 4.12292e-05
0.844688 4.12445e-05
0.845 4.12598e-05
0.845313 4.1275e-05
0.845625 4.12903e-05
0.845938 4.13055e-05
0.84625 4.13208e-05
0.846562 4.13361e-05
0.846875 4.13513e-05
0.847187 4.13666e-05
0.8475 4.13818e-05
0.847812 4.13971e-05
0.848125 4.14124e-05
0.848438 4.14276e-05
0.84875 4.14429e-05
0.849063 4.14581e-05
0.849375 4.14734e-05
0.849688 4.14886e-05
0.85 4.15039e-05
0.850313 4.15192e-05
0.850625 4.15344e-05
0.850938 4.15497e-05
0.85125 4.15649e-05
0.851562 4.15802e-05
0.851875 4.15955e-05
0.852187 4.16107e-05
0.8525 4.1626e-05
0.852812 4.16412e-05
0.853125 4.16565e-05
0.853438 4.16718e-05
0.85375 4.1687e-05
0.854063 4.17023e-05
0.854375 4.17175e-05
0.854688 4.17328e-05
0.855 4.1748e-05
0.855313 4.17633e-05
0.855625 4.17786e-05
0.855938 4.17938e-05
0.85625 4.18091e-05
0.856563 4.18243e-05
0.856875 4.18396e-05
0.857187 4.18549e-05
0.8575 4.18701e-05
0.857812 4.18854e-05
0.858125 4.19006e-05
0.858437 4.19159e-05
0.85875 4.19312e-05
0.859063 4.19464e-05
0.859375 4.19617e-05
0.859688 4.19769e-05
0.86 4.19922e-05
0.860313 4.20074e-05
0.860625 4.20227e-05
0.860938 4.2038e-05
0.86125 4.20532e-05
0.861563 4.20685e-05
0.861875 4.20837e-05
0.862187 4.2099e-05
0.8625 4.21143e-05
0.862812 4.21295e-05
0.863125 4.21448e-05
0.863437 4.216e-05
0.86375 4.21753e-05
0.864063 4.21906e-05
0.864375 4.22058e-05
0.864688 4.22211e-05
0.865 4.22363e-05
0.865313 4.22516e-05
0.865625 4.22668e-05
0.865938 4.22821e-05
0.86625 4.22974e-05
0.866563 4.23126e-05
0.866875 4.23279e-05
0.867188 4.23431e-05
0.8675 4.23584e-05
0.867812 4.23737e-05
0.868125 4.23889e-05
0.868437 4.24042e-05
0.86875 4.24194e-05
0.869063 4.24347e-05
0.869375 4.245e-05
0.869688 4.24652e-05
0.87 4.24805e-05
0.870313 4.24957e-05
0.870625 4.2511e-05
0.870938 4.25262e-05
0.87125 4.25415e-05
0.871563 4.25568e-05
0.871875 4.2572e-05
0.872188 4.25873e-05
0.8725 4.26025e-05
0.872812 4.26178e-05
0.873125 4.26331e-05
0.873437 4.26483e-05
0.87375 4.26636e-05
0.874062 4.26788e-05
0.874375 4.26941e-05
0.874688 4.27094e-05
0.875 4.27246e-05
0.875313 4.27399e-05
0.875625 4.27551e-05
0.875938 4.27704e-05
0.87625 4.27856e-05
0.876563 4.28009e-05
0.876875 4.28162e-05
0.877188 4.28314e-05
0.8775 4.28467e-05
0.877812 4.28619e-05
0.878125 4.28772e-05
0.878437 4.28925e-05
0.87875 4.29077e-05
0.879062 4.2923e-05
0.879375 4.29382e-05
0.879688 4.29535e-05
0.88 4.29688e-05
0.880313 4.2984e-05
0.880625 4.29993e-05
0.880938 4.30145e-05
0.88125 4.30298e-05
0.881563 4.3045e-05
0.881875 4.30603e-05
0.882188 4.30756e-05
0.8825 4.30908e-05
0.882812 4.31061e-05
0.883125 4.31213e-05
0.883437 4.31366e-05
0.88375 4.31519e-05
0.884062 4.31671e-05
0.884375 4.31824e-05
0.884688 4.31976e-05
0.885 4.32129e-05
0.885313 4.32281e-05
0.885625 4.32434e-05
0.885938 4.32587e-05
0.88625 4.32739e-05
0.886563 4.32892e-05
0.886875 4.33044e-05
0.887188 4.33197e-05
0.8875 4.3335e-05
0.887813 4.33502e-05
0.888125 4.33655e-05
0.888437 4.33807e-05
0.88875 4.3396e-05
0.889062 4.34113e-05
0.889375 4.34265e-05
0.889687 4.34418e-05
0.89 4.3457e-05
0.890313 4.34723e-05
0.890625 4.34875e-05
0.890938 4.35028e-05
0.89125 4.35181e-05
0.891563 4.35333e-05
0.891875 4.35486e-05
0.892188 4.35638e-05
0.8925 4.35791e-05
0.892813 4.35944e-05
0.893125 4.36096e-05
0.893437 4.36249e-05
0.89375 4.36401e-05
0.894062 4.36554e-05
0.894375 4.36707e-05
0.894687 4.36859e-05
0.895 4.37012e-05
0.895313 4.37164e-05
0.895625 4.37317e-05
0.895938 4.37469e-05
0.89625 4.37622e-05
0.896563 4.37775e-05
0.896875 4.37927e-05
0.897188 4.3808e-05
0.8975 4.38232e-05
0.897813 4.38385e-05
0.898125 4.38538e-05
0.898438 4.3869e-05
0.89875 4.38843e-05
0.899062 4.38995e-05
0.899375 4.39148e-05
0.899687 4.39301e-05
0.9 4.39453e-05
0.900313 4.39606e-05
0.900625 4.39758e-05
0.900938 4.39911e-05
0.90125 4.40063e-05
0.901563 4.40216e-05
0.901875 4.40369e-05
0.902188 4.40521e-05
0.9025 4.40674e-05
0.902813 4.40826e-05
0.903125 4.40979e-05
0.903438 4.41132e-05
0.90375 4.41284e-05
0.904062 4.41437e-05
0.904375 4.41589e-05
0.904687 4.41742e-05
0.905 4.41895e-05
0.905312 4.42047e-05
0.905625 4.422e-05
0.905938 4.42352e-05
0.90625 4.42505e-05
0.906563 4.42657e-05
0.906875 4.4281e-05
0.907188 4.42963e-05
0.9075 4.43115e-05
0.907813 4.43268e-05
0.908125 4.4342e-05
0.908438 4.43573e-05
0.90875 4.43726e-05
0.909062 4.43878e-05
0.909375 4.44031e-05
0.909687 4.44183e-05
0.91 4.44336e-05
0.910312 4.44489e-05
0.910625 4.44641e-05
0.910938 4.44794e-05
0.91125 4.44946e-05
0.911563 4.45099e-05
0.911875 4.45251e-05
0.912188 4.45404e-05
0.9125 4.45557e-05
0.912813 4.45709e-05
0.913125 4.45862e-05
0.913438 4.46014e-05
0.91375 4.46167e-05
0.914062 4.4632e-05
0.914375 4.46472e-05
0.914687 4.46625e-05
0.915 4.46777e-05
0.915312 4.4693e-05
0.915625 4.47083e-05
0.915938 4.47235e-05
0.91625 4.47388e-05
0.916563 4.4754e-05
0.916875 4.47693e-05
0.917188 4.47845e-05
0.9175 4.47998e-05
0.917813 4.48151e-05
0.918125 4.48303e-05
0.918438 4.48456e-05
0.91875 4.48608e-05
0.919063 4.48761e-05
0.919375 4.48914e-05
0.919687 4.49066e-05
0.92 4.49219e-05
0.920312 4.49371e-05
0.920625 4.49524e-05
0.920937 4.49677e-05
0.92125 4.49829e-05
0.921563 4.49982e-05
0.921875 4.50134e-05
0.922188 4.50287e-05
0.9225 4.50439e-05
0.922813 4.50592e-05
0.923125 4.50745e-05
0.923438 4.50897e-05
0.92375 4.5105e-05
0.924063 4.51202e-05
0.924375 4.51355e-05
0.924687 4.51508e-05
0.925 4.5166e-05
0.925312 4.51813e-05
0.925625 4.51965e-05
0.925937 4.52118e-05
0.92625 4.52271e-05
0.926563 4.52423e-05
0.926875 4.52576e-05
0.927188 4.52728e-05
0.9275 4.52881e-05
0.927813 4.53033e-05
0.928125 4.53186e-05
0.928438 4.53339e-05
0.92875 4.53491e-05
0.929063 4.53644e-05
0.929375 4.53796e-05
0.929688 4.53949e-05
0.93 4.54102e-05
0.930312 4.54254e-05
0.930625 4.54407e-05
0.930937 4.54559e-05
0.93125 4.54712e-05
0.931563 4.54865e-05
0.931875 4.55017e-05
0.932188 4.5517e-05
0.9325 4.55322e-05
0.932813 4.55475e-05
0.933125 4.55627e-05
0.933438 4.5578e-05
0.93375 4.55933e-05
0.934063 4.56085e-05
0.934375 4.56238e-05
0.934688 4.5639e-05
0.935 4.56543e-05
0.935312 4.56696e-05
0.935625 4.56848e-05
0.935937 4.57001e-05
0.93625 4.57153e-05
0.936562 4.57306e-05
0.936875 4.57458e-05
0.937188 4.57611e-05
0.9375 4.57764e-05
0.937813 4.57916e-05
0.938125 4.58069e-05
0.938438 4.58221e-05
0.93875 4.58374e-05
0.939063 4.58527e-05
0.939375 4.58679e-05
0.939688 4.58832e-05
0.94 4.58984e-05
0.940312 4.59137e-05
0.940625 4.5929e-05
0.940937 4.59442e-05
0.94125 4.59595e-05
0.941562 4.59747e-05
0.941875 4.599e-05
0.942188 4.60052e-05
0.9425 4.60205e-05
0.942813 4.60358e-05
0.943125 4.6051e-05
0.943438 4.60663e-05
0.94375 4.60815e-05
0.944063 4.60968e-05
0.944375 4.61121e-05
0.944688 4.61273e-05
0.945 4.61426e-05
0.945312 4.61578e-05
0.945625 4.61731e-05
0.945937 4.61884e-05
0.94625 4.62036e-05
0.946562 4.62189e-05
0.946875 4.62341e-05
0.947188 4.62494e-05
0.9475 4.62646e-05
0.947813 4.62799e-05
0.948125 4.62952e-05
0.948438 4.63104e-05
0.94875 4.63257e-05
0.949063 4.63409e-05
0.949375 4.63562e-05
0.949688 4.63715e-05
0.95 4.63867e-05
0.950313 4.6402e-05
0.950625 4.64172e-05
0.950937 4.64325e-05
0.95125 4.64478e-05
0.951562 4.6463e-05
0.951875 4.64783e-05
0.952187 4.64935e-05
0.9525 4.65088e-05
0.952813 4.6524e-05
0.953125 4.65393e-05
0.953438 4.65546e-05
0.95375 4.65698e-05
0.954063 4.65851e-05
0.954375 4.66003e-05
0.954688 4.66156e-05
0.955 4.66308e-05
0.955313 4.66461e-05
0.955625 4.66614e-05
0.955937 4.66766e-05
0.95625 4.66919e-05
0.956562 4.67071e-05
0.956875 4.67224e-05
0.957187 4.67376e-05
0.9575 4.67529e-05
0.957813 4.67681e-05
0.958125 4.67834e-05
0.958438 4.67986e-05
0.95875 4.68138e-05
0.959063 4.68291e-05
0.959375 4.68443e-05
0.959688 4.68595e-05
0.96 4.68748e-05
0.960313 4.689e-05
0.960625 4.69052e-05
0.960938 4.69204e-05
0.96125 4.69356e-05
0.961562 4.69508e-05
0.961875 4.6966e-05
0.962187 4.69812e-05
0.9625 4.69963e-05
0.962813 4.70115e-05
0.963125 4.70266e-05
0.963438 4.70417e-05
0.96375 4.70568e-05
0.964063 4.70719e-05
0.964375 4.70869e-05
0.964688 4.71019e-05
0.965 4.71169e-05
0.965313 4.71318e-05
0.965625 4.71467e-05
0.965938 4.71616e-05
0.96625 4.71764e-05
0.966562 4.71911e-05
0.966875 4.72058e-05
0.967187 4.72203e-05
0.9675 4.72348e-05
0.967813 4.72492e-05
0.968125 4.72635e-05
0.968438 4.72777e-05
0.96875 4.72917e-05
0.969063 4.73056e-05
0.969375 4.73193e-05
0.969688 4.73328e-05
0.97 4.73461e-05
0.970313 4.73592e-05
0.970625 4.7372e-05
0.970938 4.73845e-05
0.97125 4.73968e-05
0.971562 4.74086e-05
0.971875 4.74201e-05
0.972187 4.74311e-05
0.9725 4.74417e-05
0.972812 4.74517e-05
0.973125 4.74612e-05
0.973438 4.747e-05
0.97375 4.74781e-05
0.974063 4.74855e-05
0.974375 4.7492e-05
0.974688 4.74976e-05
0.975 4.75021e-05
0.975313 4.75056e-05
0.975625 4.75078e-05
0.975938 4.75087e-05
0.97625 4.75082e-05
0.976562 4.7506e-05
0.976875 4.75022e-05
0.977187 4.74964e-05
0.9775 4.74886e-05
0.977812 4.74786e-05
0.978125 4.74662e-05
0.978438 4.74511e-05
0.97875 4.74332e-05
0.979063 4.74122e-05
0.979375 4.73879e-05
0.979688 4.736e-05
0.98 4.73282e-05
0.980313 4.72922e-05
0.980625 4.72517e-05
0.980938 4.72063e-05
0.98125 4.71557e-05
0.981563 4.70994e-05
0.981875 4.7037e-05
0.982187 4.69682e-05
0.9825 4.68923e-05
0.982812 4.6809e-05
0.983125 4.67177e-05
0.983438 4.66178e-05
0.98375 4.65087e-05
0.984063 4.63899e-05
0.984375 4.62606e-05
0.984688 4.61203e-05
0.985 4.5968e-05
0.985313 4.58032e-05
0.985625 4.56249e-05
0.985938 4.54324e-05
0.98625 4.52248e-05
0.986563 4.50012e-05
0.986875 4.47606e-05
0.987187 4.4502e-05
0.9875 4.42243e-05
0.987812 4.39265e-05
0.988125 4.36075e-05
0.988437 4.32661e-05
0.98875 4.2901e-05
0.989063 4.2511e-05
0.989375 4.20949e-05
0.989688 4.16511e-05
0.99 4.11783e-05
0.990313 4.06751e-05
0.990625 4.014e-05
0.990938 3.95713e-05
0.99125 3.89676e-05
0.991563 3.83272e-05
0.991875 3.76483e-05
0.992188 3.69293e-05
0.9925 3.61684e-05
0.992812 3.53637e-05
0.993125 3.45135e-05
0.993437 3.36156e-05
0.99375 3.26683e-05
0.994063 3.16695e-05
0.994375 3.06172e-05
0.994688 2.95093e-05
0.995 2.83436e-05
0.995313 2.71181e-05
0.995625 2.58306e-05
0.995938 2.44788e-05
0.99625 2.30605e-05
0.996563 2.15734e-05
0.996875 2.00151e-05
0.997188 1.83835e-05
0.9975 1.66761e-05
0.997812 1.48905e-05
0.998125 1.30244e-05
0.998437 1.10753e-05
0.99875 9.04078e-06
0.999063 6.91846e-06
0.999375 4.70586e-06
0.999688 2.40053e-06
1 0
