0 0
0.000625 1.2207e-07
0.00125 2.44141e-07
0.001875 3.66211e-07
0.0025 4.88281e-07
0.003125 6.10352e-07
0.00375 7.32422e-07
0.004375 8.54492e-07
0.005 9.76563e-07
0.005625 1.09863e-06
0.00625 1.2207e-06
0.006875 1.34277e-06
0.0075 1.46484e-06
0.008125 1.58691e-06
0.00875 1.70898e-06
0.009375 1.83105e-06
0.01 1.95313e-06
0.010625 2.0752e-06
0.01125 2.19727e-06
0.011875 2.31934e-06
0.0125 2.44141e-06
0.013125 2.56348e-06
0.01375 2.68555e-06
0.014375 2.80762e-06
0.015 2.92969e-06
0.015625 3.05176e-06
0.01625 3.17383e-06
0.016875 3.2959e-06
0.0175 3.41797e-06
0.018125 3.54004e-06
0.01875 3.66211e-06
0.019375 3.78418e-06
0.02 3.90625e-06
0.020625 4.02832e-06
0.02125 4.15039e-06
0.021875 4.27246e-06
0.0225 4.39453e-06
0.023125 4.5166e-06
0.02375 4.63867e-06
0.024375 4.76074e-06
0.025 4.88281e-06
0.025625 5.00488e-06
0.02625 5.12695e-06
0.026875 5.24902e-06
0.0275 5.37109e-06
0.028125 5.49316e-06
0.02875 5.61523e-06
0.029375 5.7373e-06
0.03 5.85938e-06
0.030625 5.98145e-06
0.03125 6.10352e-06
0.031875 6.22559e-06
0.0325 6.34766e-06
0.033125 6.46973e-06
0.03375 6.5918e-06
0.034375 6.71387e-06
0.035 6.83594e-06
0.035625 6.95801e-06
0.03625 7.08008e-06
0.036875 7.20215e-06
0.0375 7.32422e-06
0.038125 7.44629e-06
0.03875 7.56836e-06
0.039375 7.69043e-06
0.04 7.8125e-06
0.040625 7.93457e-06
0.04125 8.05664e-06
0.041875 8.17871e-06
0.0425 8.30078e-06
0.043125 8.42285e-06
0.04375 8.54492e-06
0.044375 8.66699e-06
0.045 8.78906e-06
0.045625 8.91113e-06
0.04625 9.0332e-06
0.046875 9.15527e-06
0.0475 9.27734e-06
0.048125 9.39941e-06
0.04875 9.52148e-06
0.049375 9.64355e-06
0.05 9.76562e-06
0.050625 9.8877e-06
0.05125 1.00098e-05
0.051875 1.01318e-05
0.0525 1.02539e-05
0.053125 1.0376e-05
0.05375 1.0498e-05
0.054375 1.06201e-05
0.055 1.07422e-05
0.055625 1.08643e-05
0.05625 1.09863e-05
0.056875 1.11084e-05
0.0575 1.12305e-05
0.058125 1.13525e-05
0.05875 1.14746e-05
0.059375 1.15967e-05
0.06 1.17187e-05
0.060625 1.18408e-05
0.06125 1.19629e-05
0.061875 1.2085e-05
0.0625 1.2207e-05
0.063125 1.23291e-05
0.06375 1.24512e-05
0.064375 1.25732e-05
0.065 1.26953e-05
0.065625 1.28174e-05
0.06625 1.29395e-05
0.066875 1.30615e-05
0.0675 1.31836e-05
0.068125 1.33057e-05
0.06875 1.34277e-05
0.069375 1.35498e-05
0.07 1.36719e-05
0.070625 1.37939e-05
0.07125 1.3916e-05
0.071875 1.40381e-05
0.0725 1.41602e-05
0.073125 1.42822e-05
0.07375 1.44043e-05
0.074375 1.45264e-05
0.075 1.46484e-05
0.075625 1.47705e-05
0.07625 1.48926e-05
0.076875 1.50146e-05
0.0775 1.51367e-05
0.078125 1.52588e-05
0.07875 1.53809e-05
0.079375 1.55029e-05
0.08 1.5625e-05
0.080625 1.57471e-05
0.08125 1.58691e-05
0.081875 1.59912e-05
0.0825 1.61133e-05
0.083125 1.62354e-05
0.08375 1.63574e-05
0.084375 1.64795e-05
0.085 1.66016e-05
0.085625 1.67236e-05
0.08625 1.68457e-05
0.086875 1.69678e-05
0.0875 1.70898e-05
0.088125 1.72119e-05
0.08875 1.7334e-05
0.089375 1.74561e-05
0.09 1.75781e-05
0.090625 1.77002e-05
0.09125 1.78223e-05
0.091875 1.79443e-05
0.0925 1.80664e-05
0.093125 1.81885e-05
0.09375 1.83105e-05
0.094375 1.84326e-05
0.095 1.85547e-05
0.095625 1.86768e-05
0.09625 1.87988e-05
0.096875 1.89209e-05
0.0975 1.9043e-05
0.098125 1.9165e-05
0.09875 1.92871e-05
0.099375 1.94092e-05
0.1 1.95312e-05
0.100625 1.96533e-05
0.10125 1.97754e-05
0.101875 1.98975e-05
0.1025 2.00195e-05
0.103125 2.01416e-05
0.10375 2.02637e-05
0.104375 2.03857e-05
0.105 2.05078e-05
0.105625 2.06299e-05
0.10625 2.0752e-05
0.106875 2.0874e-05
0.1075 2.09961e-05
0.108125 2.11182e-05
0.10875 2.12402e-05
0.109375 2.13623e-05
0.11 2.14844e-05
0.110625 2.16064e-05
0.11125 2.17285e-05
0.111875 2.18506e-05
0.1125 2.19727e-05
0.113125 2.20947e-05
0.11375 2.22168e-05
0.114375 2.23389e-05
0.115 2.24609e-05
0.115625 2.2583e-05
0.11625 2.27051e-05
0.116875 2.28271e-05
0.1175 2.29492e-05
0.118125 2.30713e-05
0.11875 2.31934e-05
0.119375 2.33154e-05
0.12 2.34375e-05
0.120625 2.35596e-05
0.12125 2.36816e-05
0.121875 2.38037e-05
0.1225 2.39258e-05
0.123125 2.40479e-05
0.12375 2.41699e-05
0.124375 2.4292e-05
0.125 2.44141e-05
0.125625 2.45361e-05
0.12625 2.46582e-05
0.126875 2.47803e-05
0.1275 2.49023e-05
0.128125 2.50244e-05
0.12875 2.51465e-05
0.129375 2.52686e-05
0.13 2.53906e-05
0.130625 2.55127e-05
0.13125 2.56348e-05
0.131875 2.57568e-05
0.1325 2.58789e-05
0.133125 2.6001e-05
0.13375 2.6123e-05
0.134375 2.62451e-05
0.135 2.63672e-05
0.135625 2.64893e-05
0.13625 2.66113e-05
0.136875 2.67334e-05
0.1375 2.68555e-05
0.138125 2.69775e-05
0.13875 2.70996e-05
0.139375 2.72217e-05
0.14 2.73438e-05
0.140625 2.74658e-05
0.14125 2.75879e-05
0.141875 2.771e-05
0.1425 2.7832e-05
0.143125 2.79541e-05
0.14375 2.80762e-05
0.144375 2.81982e-05
0.145 2.83203e-05
0.145625 2.84424e-05
0.14625 2.85645e-05
0.146875 2.86865e-05
0.1475 2.88086e-05
0.148125 2.89307e-05
0.14875 2.90527e-05
0.149375 2.91748e-05
0.15 2.92969e-05
0.150625 2.94189e-05
0.15125 2.9541e-05
0.151875 2.96631e-05
0.1525 2.97852e-05
0.153125 2.99072e-05
0.15375 3.00293e-05
0.154375 3.01514e-05
0.155 3.02734e-05
0.155625 3.03955e-05
0.15625 3.05176e-05
0.156875 3.06396e-05
0.1575 3.07617e-05
0.158125 3.08838e-05
0.15875 3.10059e-05
0.159375 3.11279e-05
0.16 3.125e-05
0.160625 3.13721e-05
0.16125 3.14941e-05
0.161875 3.16162e-05
0.1625 3.17383e-05
0.163125 3.18604e-05
0.16375 3.19824e-05
0.164375 3.21045e-05
0.165 3.22266e-05
0.165625 3.23486e-05
0.16625 3.24707e-05
0.166875 3.25928e-05
0.1675 3.27148e-05
0.168125 3.28369e-05
0.16875 3.2959e-05
0.169375 3.30811e-05
0.17 3.32031e-05
0.170625 3.33252e-05
0.17125 3.34473e-05
0.171875 3.35693e-05
0.1725 3.36914e-05
0.173125 3.38135e-05
0.17375 3.39355e-05
0.174375 3.40576e-05
0.175 3.41797e-05
0.175625 3.43018e-05
0.17625 3.44238e-05
0.176875 3.45459e-05
0.1775 3.4668e-05
0.178125 3.479e-05
0.17875 3.49121e-05
0.179375 3.50342e-05
0.18 3.51562e-05
0.180625 3.52783e-05
0.18125 3.54004e-05
0.181875 3.55225e-05
0.1825 3.56445e-05
0.183125 3.57666e-05
0.18375 3.58887e-05
0.184375 3.60107e-05
0.185 3.61328e-05
0.185625 3.62549e-05
0.18625 3.6377e-05
0.186875 3.6499e-05
0.1875 3.66211e-05
0.188125 3.67432e-05
0.18875 3.68652e-05
0.189375 3.69873e-05
0.19 3.71094e-05
0.190625 3.72314e-05
0.19125 3.73535e-05
0.191875 3.74756e-05
0.1925 3.75977e-05
0.193125 3.77197e-05
0.19375 3.78418e-05
0.194375 3.79639e-05
0.195 3.80859e-05
0.195625 3.8208e-05
0.19625 3.83301e-05
0.196875 3.84521e-05
0.1975 3.85742e-05
0.198125 3.86963e-05
0.19875 3.88184e-05
0.199375 3.89404e-05
0.2 3.90625e-05
0.200625 3.91846e-05
0.20125 3.93066e-05
0.201875 3.94287e-05
0.2025 3.95508e-05
0.203125 3.96729e-05
0.20375 3.97949e-05
0.204375 3.9917e-05
0.205 4.00391e-05
0.205625 4.01611e-05
0.20625 4.02832e-05
0.206875 4.04053e-05
0.2075 4.05273e-05
0.208125 4.06494e-05
0.20875 4.07715e-05
0.209375 4.08936e-05
0.21 4.10156e-05
0.210625 4.11377e-05
0.21125 4.12598e-05
0.211875 4.13818e-05
0.2125 4.15039e-05
0.213125 4.1626e-05
0.21375 4.1748e-05
0.214375 4.18701e-05
0.215 4.19922e-05
0.215625 4.21143e-05
0.21625 4.22363e-05
0.216875 4.23584e-05
0.2175 4.24805e-05
0.218125 4.26025e-05
0.21875 4.27246e-05
0.219375 4.28467e-05
0.22 4.29687e-05
0.220625 4.30908e-05
0.22125 4.32129e-05
0.221875 4.3335e-05
0.2225 4.3457e-05
0.223125 4.35791e-05
0.22375 4.37012e-05
0.224375 4.38232e-05
0.225 4.39453e-05
0.225625 4.40674e-05
0.22625 4.41895e-05
0.226875 4.43115e-05
0.2275 4.44336e-05
0.228125 4.45557e-05
0.22875 4.46777e-05
0.229375 4.47998e-05
0.23 4.49219e-05
0.230625 4.50439e-05
0.23125 4.5166e-05
0.231875 4.52881e-05
0.2325 4.54102e-05
0.233125 4.55322e-05
0.23375 4.56543e-05
0.234375 4.57764e-05
0.235 4.58984e-05
0.235625 4.60205e-05
0.23625 4.61426e-05
0.236875 4.62646e-05
0.2375 4.63867e-05
0.238125 4.65088e-05
0.23875 4.66309e-05
0.239375 4.67529e-05
0.24 4.6875e-05
0.240625 4.69971e-05
0.24125 4.71191e-05
0.241875 4.72412e-05
0.2425 4.73633e-05
0.243125 4.74854e-05
0.24375 4.76074e-05
0.244375 4.77295e-05
0.245 4.78516e-05
0.245625 4.79736e-05
0.24625 4.80957e-05
0.246875 4.82178e-05
0.2475 4.83398e-05
0.248125 4.84619e-05
0.24875 4.8584e-05
0.249375 4.87061e-05
0.25 4.88281e-05
0.250625 4.89502e-05
0.25125 4.90723e-05
0.251875 4.91943e-05
0.2525 4.93164e-05
0.253125 4.94385e-05
0.25375 4.95605e-05
0.254375 4.96826e-05
0.255 4.98047e-05
0.255625 4.99268e-05
0.25625 5.00488e-05
0.256875 5.01709e-05
0.2575 5.0293e-05
0.258125 5.0415e-05
0.25875 5.05371e-05
0.259375 5.06592e-05
0.26 5.07813e-05
0.260625 5.09033e-05
0.26125 5.10254e-05
0.261875 5.11475e-05
0.2625 5.12695e-05
0.263125 5.13916e-05
0.26375 5.15137e-05
0.264375 5.16357e-05
0.265 5.17578e-05
0.265625 5.18799e-05
0.26625 5.2002e-05
0.266875 5.2124e-05
0.2675 5.22461e-05
0.268125 5.23682e-05
0.26875 5.24902e-05
0.269375 5.26123e-05
0.27 5.27344e-05
0.270625 5.28564e-05
0.27125 5.29785e-05
0.271875 5.31006e-05
0.2725 5.32227e-05
0.273125 5.33447e-05
0.27375 5.34668e-05
0.274375 5.35889e-05
0.275 5.37109e-05
0.275625 5.3833e-05
0.27625 5.39551e-05
0.276875 5.40771e-05
0.2775 5.41992e-05
0.278125 5.43213e-05
0.27875 5.44434e-05
0.279375 5.45654e-05
0.28 5.46875e-05
0.280625 5.48096e-05
0.28125 5.49316e-05
0.281875 5.50537e-05
0.2825 5.51758e-05
0.283125 5.52979e-05
0.28375 5.54199e-05
0.284375 5.5542e-05
0.285 5.56641e-05
0.285625 5.57861e-05
0.28625 5.59082e-05
0.286875 5.60303e-05
0.2875 5.61523e-05
0.288125 5.62744e-05
0.28875 5.63965e-05
0.289375 5.65186e-05
0.29 5.66406e-05
0.290625 5.67627e-05
0.29125 5.68848e-05
0.291875 5.70068e-05
0.2925 5.71289e-05
0.293125 5.7251e-05
0.29375 5.7373e-05
0.294375 5.74951e-05
0.295 5.76172e-05
0.295625 5.77393e-05
0.29625 5.78613e-05
0.296875 5.79834e-05
0.2975 5.81055e-05
0.298125 5.82275e-05
0.29875 5.83496e-05
0.299375 5.84717e-05
0.3 5.85937e-05
0.300625 5.87158e-05
0.30125 5.88379e-05
0.301875 5.896e-05
0.3025 5.9082e-05
0.303125 5.92041e-05
0.30375 5.93262e-05
0.304375 5.94482e-05
0.305 5.95703e-05
0.305625 5.96924e-05
0.30625 5.98145e-05
0.306875 5.99365e-05
0.3075 6.00586e-05
0.308125 6.01807e-05
0.30875 6.03027e-05
0.309375 6.04248e-05
0.31 6.05469e-05
0.310625 6.06689e-05
0.31125 6.0791e-05
0.311875 6.09131e-05
0.3125 6.10352e-05
0.313125 6.11572e-05
0.31375 6.12793e-05
0.314375 6.14014e-05
0.315 6.15234e-05
0.315625 6.16455e-05
0.31625 6.17676e-05
0.316875 6.18896e-05
0.3175 6.20117e-05
0.318125 6.21338e-05
0.31875 6.22559e-05
0.319375 6.23779e-05
0.32 6.25e-05
0.320625 6.26221e-05
0.32125 6.27441e-05
0.321875 6.28662e-05
0.3225 6.29883e-05
0.323125 6.31104e-05
0.32375 6.32324e-05
0.324375 6.33545e-05
0.325 6.34766e-05
0.325625 6.35986e-05
0.32625 6.37207e-05
0.326875 6.38428e-05
0.3275 6.39648e-05
0.328125 6.40869e-05
0.32875 6.4209e-05
0.329375 6.43311e-05
0.33 6.44531e-05
0.330625 6.45752e-05
0.33125 6.46973e-05
0.331875 6.48193e-05
0.3325 6.49414e-05
0.333125 6.50635e-05
0.33375 6.51855e-05
0.334375 6.53076e-05
0.335 6.54297e-05
0.335625 6.55518e-05
0.33625 6.56738e-05
0.336875 6.57959e-05
0.3375 6.5918e-05
0.338125 6.604e-05
0.33875 6.61621e-05
0.339375 6.62842e-05
0.34 6.64062e-05
0.340625 6.65283e-05
0.34125 6.66504e-05
0.341875 6.67725e-05
0.3425 6.68945e-05
0.343125 6.70166e-05
0.34375 6.71387e-05
0.344375 6.72607e-05
0.345 6.73828e-05
0.345625 6.75049e-05
0.34625 6.7627e-05
0.346875 6.7749e-05
0.3475 6.78711e-05
0.348125 6.79932e-05
0.34875 6.81152e-05
0.349375 6.82373e-05
0.35 6.83594e-05
0.350625 6.84814e-05
0.35125 6.86035e-05
0.351875 6.87256e-05
0.3525 6.88477e-05
0.353125 6.89697e-05
0.35375 6.90918e-05
0.354375 6.92139e-05
0.355 6.93359e-05
0.355625 6.9458e-05
0.35625 6.95801e-05
0.356875 6.97021e-05
0.3575 6.98242e-05
0.358125 6.99463e-05
0.35875 7.00684e-05
0.359375 7.01904e-05
0.36 7.03125e-05
0.360625 7.04346e-05
0.36125 7.05566e-05
0.361875 7.06787e-05
0.3625 7.08008e-05
0.363125 7.09229e-05
0.36375 7.10449e-05
0.364375 7.1167e-05
0.365 7.12891e-05
0.365625 7.14111e-05
0.36625 7.15332e-05
0.366875 7.16553e-05
0.3675 7.17773e-05
0.368125 7.18994e-05
0.36875 7.20215e-05
0.369375 7.21436e-05
0.37 7.22656e-05
0.370625 7.23877e-05
0.37125 7.25098e-05
0.371875 7.26318e-05
0.3725 7.27539e-05
0.373125 7.2876e-05
0.37375 7.2998e-05
0.374375 7.31201e-05
0.375 7.32422e-05
0.375625 7.33643e-05
0.37625 7.34863e-05
0.376875 7.36084e-05
0.3775 7.37305e-05
0.378125 7.38525e-05
0.37875 7.39746e-05
0.379375 7.40967e-05
0.38 7.42187e-05
0.380625 7.43408e-05
0.38125 7.44629e-05
0.381875 7.4585e-05
0.3825 7.4707e-05
0.383125 7.48291e-05
0.38375 7.49512e-05
0.384375 7.50732e-05
0.385 7.51953e-05
0.385625 7.53174e-05
0.38625 7.54395e-05
0.386875 7.55615e-05
0.3875 7.56836e-05
0.388125 7.58057e-05
0.38875 7.59277e-05
0.389375 7.60498e-05
0.39 7.61719e-05
0.390625 7.62939e-05
0.39125 7.6416e-05
0.391875 7.65381e-05
0.3925 7.66602e-05
0.393125 7.67822e-05
0.39375 7.69043e-05
0.394375 7.70264e-05
0.395 7.71484e-05
0.395625 7.72705e-05
0.39625 7.73926e-05
0.396875 7.75146e-05
0.3975 7.76367e-05
0.398125 7.77588e-05
0.39875 7.78809e-05
0.399375 7.80029e-05
0.4 7.8125e-05
0.400625 7.82471e-05
0.40125 7.83691e-05
0.401875 7.84912e-05
0.4025 7.86133e-05
0.403125 7.87354e-05
0.40375 7.88574e-05
0.404375 7.89795e-05
0.405 7.91016e-05
0.405625 7.92236e-05
0.40625 7.93457e-05
0.406875 7.94678e-05
0.4075 7.95898e-05
0.408125 7.97119e-05
0.40875 7.9834e-05
0.409375 7.99561e-05
0.41 8.00781e-05
0.410625 8.02002e-05
0.41125 8.03223e-05
0.411875 8.04443e-05
0.4125 8.05664e-05
0.413125 8.06885e-05
0.41375 8.08105e-05
0.414375 8.09326e-05
0.415 8.10547e-05
0.415625 8.11768e-05
0.41625 8.12988e-05
0.416875 8.14209e-05
0.4175 8.1543e-05
0.418125 8.1665e-05
0.41875 8.17871e-05
0.419375 8.19092e-05
0.42 8.20313e-05
0.420625 8.21533e-05
0.42125 8.22754e-05
0.421875 8.23975e-05
0.4225 8.25195e-05
0.423125 8.26416e-05
0.42375 8.27637e-05
0.424375 8.28857e-05
0.425 8.30078e-05
0.425625 8.31299e-05
0.42625 8.3252e-05
0.426875 8.3374e-05
0.4275 8.34961e-05
0.428125 8.36182e-05
0.42875 8.37402e-05
0.429375 8.38623e-05
0.43 8.39844e-05
0.430625 8.41064e-05
0.43125 8.42285e-05
0.431875 8.43506e-05
0.4325 8.44727e-05
0.433125 8.45947e-05
0.43375 8.47168e-05
0.434375 8.48389e-05
0.435 8.49609e-05
0.435625 8.5083e-05
0.43625 8.52051e-05
0.436875 8.53271e-05
0.4375 8.54492e-05
0.438125 8.55713e-05
0.43875 8.56934e-05
0.439375 8.58154e-05
0.44 8.59375e-05
0.440625 8.60596e-05
0.44125 8.61816e-05
0.441875 8.63037e-05
0.4425 8.64258e-05
0.443125 8.65479e-05
0.44375 8.66699e-05
0.444375 8.6792e-05
0.445 8.69141e-05
0.445625 8.70361e-05
0.44625 8.71582e-05
0.446875 8.72803e-05
0.4475 8.74023e-05
0.448125 8.75244e-05
0.44875 8.76465e-05
0.449375 8.77686e-05
0.45 8.78906e-05
0.450625 8.80127e-05
0.45125 8.81348e-05
0.451875 8.82568e-05
0.4525 8.83789e-05
0.453125 8.8501e-05
0.45375 8.8623e-05
0.454375 8.87451e-05
0.455 8.88672e-05
0.455625 8.89893e-05
0.45625 8.91113e-05
0.456875 8.92334e-05
0.4575 8.93555e-05
0.458125 8.94775e-05
0.45875 8.95996e-05
0.459375 8.97217e-05
0.46 8.98437e-05
0.460625 8.99658e-05
0.46125 9.00879e-05
0.461875 9.021e-05
0.4625 9.0332e-05
0.463125 9.04541e-05
0.46375 9.05762e-05
0.464375 9.06982e-05
0.465 9.08203e-05
0.465625 9.09424e-05
0.46625 9.10645e-05
0.466875 9.11865e-05
0.4675 9.13086e-05
0.468125 9.14307e-05
0.46875 9.15527e-05
0.469375 9.16748e-05
0.47 9.17969e-05
0.470625 9.19189e-05
0.47125 9.2041e-05
0.471875 9.21631e-05
0.4725 9.22852e-05
0.473125 9.24072e-05
0.47375 9.25293e-05
0.474375 9.26514e-05
0.475 9.27734e-05
0.475625 9.28955e-05
0.47625 9.30176e-05
0.476875 9.31396e-05
0.4775 9.32617e-05
0.478125 9.33838e-05
0.47875 9.35059e-05
0.479375 9.36279e-05
0.48 9.375e-05
0.480625 9.38721e-05
0.48125 9.39941e-05
0.481875 9.41162e-05
0.4825 9.42383e-05
0.483125 9.43604e-05
0.48375 9.44824e-05
0.484375 9.46045e-05
0.485 9.47266e-05
0.485625 9.48486e-05
0.48625 9.49707e-05
0.486875 9.50928e-05
0.4875 9.52148e-05
0.488125 9.53369e-05
0.48875 9.5459e-05
0.489375 9.55811e-05
0.49 9.57031e-05
0.490625 9.58252e-05
0.49125 9.59473e-05
0.491875 9.60693e-05
0.4925 9.61914e-05
0.493125 9.63135e-05
0.49375 9.64355e-05
0.494375 9.65576e-05
0.495 9.66797e-05
0.495625 9.68018e-05
0.49625 9.69238e-05
0.496875 9.70459e-05
0.4975 9.7168e-05
0.498125 9.729e-05
0.49875 9.74121e-05
0.499375 9.75342e-05
0.5 9.76563e-05
0.500625 9.77783e-05
0.50125 9.79004e-05
0.501875 9.80225e-05
0.5025 9.81445e-05
0.503125 9.82666e-05
0.50375 9.83887e-05
0.504375 9.85107e-05
0.505 9.86328e-05
0.505625 9.87549e-05
0.50625 9.8877e-05
0.506875 9.8999e-05
0.5075 9.91211e-05
0.508125 9.92432e-05
0.50875 9.93652e-05
0.509375 9.94873e-05
0.51 9.96094e-05
0.510625 9.97314e-05
0.51125 9.98535e-05
0.511875 9.99756e-05
0.5125 0.000100098
0.513125 0.00010022
0.51375 0.000100342
0.514375 0.000100464
0.515 0.000100586
0.515625 0.000100708
0.51625 0.00010083
0.516875 0.000100952
0.5175 0.000101074
0.518125 0.000101196
0.51875 0.000101318
0.519375 0.00010144
0.52 0.000101563
0.520625 0.000101685
0.52125 0.000101807
0.521875 0.000101929
0.5225 0.000102051
0.523125 0.000102173
0.52375 0.000102295
0.524375 0.000102417
0.525 0.000102539
0.525625 0.000102661
0.52625 0.000102783
0.526875 0.000102905
0.5275 0.000103027
0.528125 0.000103149
0.52875 0.000103271
0.529375 0.000103394
0.53 0.000103516
0.530625 0.000103638
0.53125 0.00010376
0.531875 0.000103882
0.5325 0.000104004
0.533125 0.000104126
0.53375 0.000104248
0.534375 0.00010437
0.535 0.000104492
0.535625 0.000104614
0.53625 0.000104736
0.536875 0.000104858
0.5375 0.00010498
0.538125 0.000105103
0.53875 0.000105225
0.539375 0.000105347
0.54 0.000105469
0.540625 0.000105591
0.54125 0.000105713
0.541875 0.000105835
0.5425 0.000105957
0.543125 0.000106079
0.54375 0.000106201
0.544375 0.000106323
0.545 0.000106445
0.545625 0.000106567
0.54625 0.000106689
0.546875 0.000106812
0.5475 0.000106934
0.548125 0.000107056
0.54875 0.000107178
0.549375 0.0001073
0.55 0.000107422
0.550625 0.000107544
0.55125 0.000107666
0.551875 0.000107788
0.5525 0.00010791
0.553125 0.000108032
0.55375 0.000108154
0.554375 0.000108276
0.555 0.000108398
0.555625 0.000108521
0.55625 0.000108643
0.556875 0.000108765
0.5575 0.000108887
0.558125 0.000109009
0.55875 0.000109131
0.559375 0.000109253
0.56 0.000109375
0.560625 0.000109497
0.56125 0.000109619
0.561875 0.000109741
0.5625 0.000109863
0.563125 0.000109985
0.56375 0.000110107
0.564375 0.000110229
0.565 0.000110352
0.565625 0.000110474
0.56625 0.000110596
0.566875 0.000110718
0.5675 0.00011084
0.568125 0.000110962
0.56875 0.000111084
0.569375 0.000111206
0.57 0.000111328
0.570625 0.00011145
0.57125 0.000111572
0.571875 0.000111694
0.5725 0.000111816
0.573125 0.000111938
0.57375 0.000112061
0.574375 0.000112183
0.575 0.000112305
0.575625 0.000112427
0.57625 0.000112549
0.576875 0.000112671
0.5775 0.000112793
0.578125 0.000112915
0.57875 0.000113037
0.579375 0.000113159
0.58 0.000113281
0.580625 0.000113403
0.58125 0.000113525
0.581875 0.000113647
0.5825 0.00011377
0.583125 0.000113892
0.58375 0.000114014
0.584375 0.000114136
0.585 0.000114258
0.585625 0.00011438
0.58625 0.000114502
0.586875 0.000114624
0.5875 0.000114746
0.588125 0.000114868
0.58875 0.00011499
0.589375 0.000115112
0.59 0.000115234
0.590625 0.000115356
0.59125 0.000115479
0.591875 0.000115601
0.5925 0.000115723
0.593125 0.000115845
0.59375 0.000115967
0.594375 0.000116089
0.595 0.000116211
0.595625 0.000116333
0.59625 0.000116455
0.596875 0.000116577
0.5975 0.000116699
0.598125 0.000116821
0.59875 0.000116943
0.599375 0.000117065
0.6 0.000117188
0.600625 0.00011731
0.60125 0.000117432
0.601875 0.000117554
0.6025 0.000117676
0.603125 0.000117798
0.60375 0.00011792
0.604375 0.000118042
0.605 0.000118164
0.605625 0.000118286
0.60625 0.000118408
0.606875 0.00011853
0.6075 0.000118652
0.608125 0.000118774
0.60875 0.000118896
0.609375 0.000119019
0.61 0.000119141
0.610625 0.000119263
0.61125 0.000119385
0.611875 0.000119507
0.6125 0.000119629
0.613125 0.000119751
0.61375 0.000119873
0.614375 0.000119995
0.615 0.000120117
0.615625 0.000120239
0.61625 0.000120361
0.616875 0.000120483
0.6175 0.000120605
0.618125 0.000120728
0.61875 0.00012085
0.619375 0.000120972
0.62 0.000121094
0.620625 0.000121216
0.62125 0.000121338
0.621875 0.00012146
0.6225 0.000121582
0.623125 0.000121704
0.62375 0.000121826
0.624375 0.000121948
0.625 0.00012207
0.625625 0.000122192
0.62625 0.000122314
0.626875 0.000122437
0.6275 0.000122559
0.628125 0.000122681
0.62875 0.000122803
0.629375 0.000122925
0.63 0.000123047
0.630625 0.000123169
0.63125 0.000123291
0.631875 0.000123413
0.6325 0.000123535
0.633125 0.000123657
0.63375 0.000123779
0.634375 0.000123901
0.635 0.000124023
0.635625 0.000124146
0.63625 0.000124268
0.636875 0.00012439
0.6375 0.000124512
0.638125 0.000124634
0.63875 0.000124756
0.639375 0.000124878
0.64 0.000125
0.640625 0.000125122
0.64125 0.000125244
0.641875 0.000125366
0.6425 0.000125488
0.643125 0.00012561
0.64375 0.000125732
0.644375 0.000125854
0.645 0.000125977
0.645625 0.000126099
0.64625 0.000126221
0.646875 0.000126343
0.6475 0.000126465
0.648125 0.000126587
0.64875 0.000126709
0.649375 0.000126831
0.65 0.000126953
0.650625 0.000127075
0.65125 0.000127197
0.651875 0.000127319
0.6525 0.000127441
0.653125 0.000127563
0.65375 0.000127686
0.654375 0.000127808
0.655 0.00012793
0.655625 0.000128052
0.65625 0.000128174
0.656875 0.000128296
0.6575 0.000128418
0.658125 0.00012854
0.65875 0.000128662
0.659375 0.000128784
0.66 0.000128906
0.660625 0.000129028
0.66125 0.00012915
0.661875 0.000129272
0.6625 0.000129395
0.663125 0.000129517
0.66375 0.000129639
0.664375 0.000129761
0.665 0.000129883
0.665625 0.000130005
0.66625 0.000130127
0.666875 0.000130249
0.6675 0.000130371
0.668125 0.000130493
0.66875 0.000130615
0.669375 0.000130737
0.67 0.000130859
0.670625 0.000130981
0.67125 0.000131104
0.671875 0.000131226
0.6725 0.000131348
0.673125 0.00013147
0.67375 0.000131592
0.674375 0.000131714
0.675 0.000131836
0.675625 0.000131958
0.67625 0.00013208
0.676875 0.000132202
0.6775 0.000132324
0.678125 0.000132446
0.67875 0.000132568
0.679375 0.00013269
0.68 0.000132812
0.680625 0.000132935
0.68125 0.000133057
0.681875 0.000133179
0.6825 0.000133301
0.683125 0.000133423
0.68375 0.000133545
0.684375 0.000133667
0.685 0.000133789
0.685625 0.000133911
0.68625 0.000134033
0.686875 0.000134155
0.6875 0.000134277
0.688125 0.000134399
0.68875 0.000134521
0.689375 0.000134644
0.69 0.000134766
0.690625 0.000134888
0.69125 0.00013501
0.691875 0.000135132
0.6925 0.000135254
0.693125 0.000135376
0.69375 0.000135498
0.694375 0.00013562
0.695 0.000135742
0.695625 0.000135864
0.69625 0.000135986
0.696875 0.000136108
0.6975 0.00013623
0.698125 0.000136353
0.69875 0.000136475
0.699375 0.000136597
0.7 0.000136719
0.700625 0.000136841
0.70125 0.000136963
0.701875 0.000137085
0.7025 0.000137207
0.703125 0.000137329
0.70375 0.000137451
0.704375 0.000137573
0.705 0.000137695
0.705625 0.000137817
0.70625 0.000137939
0.706875 0.000138062
0.7075 0.000138184
0.708125 0.000138306
0.70875 0.000138428
0.709375 0.00013855
0.71 0.000138672
0.710625 0.000138794
0.71125 0.000138916
0.711875 0.000139038
0.7125 0.00013916
0.713125 0.000139282
0.71375 0.000139404
0.714375 0.000139526
0.715 0.000139648
0.715625 0.000139771
0.71625 0.000139893
0.716875 0.000140015
0.7175 0.000140137
0.718125 0.000140259
0.71875 0.000140381
0.719375 0.000140503
0.72 0.000140625
0.720625 0.000140747
0.72125 0.000140869
0.721875 0.000140991
0.7225 0.000141113
0.723125 0.000141235
0.72375 0.000141357
0.724375 0.000141479
0.725 0.000141602
0.725625 0.000141724
0.72625 0.000141846
0.726875 0.000141968
0.7275 0.00014209
0.728125 0.000142212
0.72875 0.000142334
0.729375 0.000142456
0.73 0.000142578
0.730625 0.0001427
0.73125 0.000142822
0.731875 0.000142944
0.7325 0.000143066
0.733125 0.000143188
0.73375 0.000143311
0.734375 0.000143433
0.735 0.000143555
0.735625 0.000143677
0.73625 0.000143799
0.736875 0.000143921
0.7375 0.000144043
0.738125 0.000144165
0.73875 0.000144287
0.739375 0.000144409
0.74 0.000144531
0.740625 0.000144653
0.74125 0.000144775
0.741875 0.000144897
0.7425 0.00014502
0.743125 0.000145142
0.74375 0.000145264
0.744375 0.000145386
0.745 0.000145508
0.745625 0.00014563
0.74625 0.000145752
0.746875 0.000145874
0.7475 0.000145996
0.748125 0.000146118
0.74875 0.00014624
0.749375 0.000146362
0.75 0.000146484
0.750625 0.000146606
0.75125 0.000146729
0.751875 0.000146851
0.7525 0.000146973
0.753125 0.000147095
0.75375 0.000147217
0.754375 0.000147339
0.755 0.000147461
0.755625 0.000147583
0.75625 0.000147705
0.756875 0.000147827
0.7575 0.000147949
0.758125 0.000148071
0.75875 0.000148193
0.759375 0.000148315
0.76 0.000148437
0.760625 0.00014856
0.76125 0.000148682
0.761875 0.000148804
0.7625 0.000148926
0.763125 0.000149048
0.76375 0.00014917
0.764375 0.000149292
0.765 0.000149414
0.765625 0.000149536
0.76625 0.000149658
0.766875 0.00014978
0.7675 0.000149902
0.768125 0.000150024
0.76875 0.000150146
0.769375 0.000150269
0.77 0.000150391
0.770625 0.000150513
0.77125 0.000150635
0.771875 0.000150757
0.7725 0.000150879
0.773125 0.000151001
0.77375 0.000151123
0.774375 0.000151245
0.775 0.000151367
0.775625 0.000151489
0.77625 0.000151611
0.776875 0.000151733
0.7775 0.000151855
0.778125 0.000151978
0.77875 0.0001521
0.779375 0.000152222
0.78 0.000152344
0.780625 0.000152466
0.78125 0.000152588
0.781875 0.00015271
0.7825 0.000152832
0.783125 0.000152954
0.78375 0.000153076
0.784375 0.000153198
0.785 0.00015332
0.785625 0.000153442
0.78625 0.000153564
0.786875 0.000153687
0.7875 0.000153809
0.788125 0.000153931
0.78875 0.000154053
0.789375 0.000154175
0.79 0.000154297
0.790625 0.000154419
0.79125 0.000154541
0.791875 0.000154663
0.7925 0.000154785
0.793125 0.000154907
0.79375 0.000155029
0.794375 0.000155151
0.795 0.000155273
0.795625 0.000155396
0.79625 0.000155518
0.796875 0.00015564
0.7975 0.000155762
0.798125 0.000155884
0.79875 0.000156006
0.799375 0.000156128
0.8 0.00015625
0.800625 0.000156372
0.80125 0.000156494
0.801875 0.000156616
0.8025 0.000156738
0.803125 0.00015686
0.80375 0.000156982
0.804375 0.000157104
0.805 0.000157227
0.805625 0.000157349
0.80625 0.000157471
0.806875 0.000157593
0.8075 0.000157715
0.808125 0.000157837
0.80875 0.000157959
0.809375 0.000158081
0.81 0.000158203
0.810625 0.000158325
0.81125 0.000158447
0.811875 0.000158569
0.8125 0.000158691
0.813125 0.000158813
0.81375 0.000158936
0.814375 0.000159058
0.815 0.00015918
0.815625 0.000159302
0.81625 0.000159424
0.816875 0.000159546
0.8175 0.000159668
0.818125 0.00015979
0.81875 0.000159912
0.819375 0.000160034
0.82 0.000160156
0.820625 0.000160278
0.82125 0.0001604
0.821875 0.000160522
0.8225 0.000160645
0.823125 0.000160767
0.82375 0.000160889
0.824375 0.000161011
0.825 0.000161133
0.825625 0.000161255
0.82625 0.000161377
0.826875 0.000161499
0.8275 0.000161621
0.828125 0.000161743
0.82875 0.000161865
0.829375 0.000161987
0.83 0.000162109
0.830625 0.000162231
0.83125 0.000162354
0.831875 0.000162476
0.8325 0.000162598
0.833125 0.00016272
0.83375 0.000162842
0.834375 0.000162964
0.835 0.000163086
0.835625 0.000163208
0.83625 0.00016333
0.836875 0.000163452
0.8375 0.000163574
0.838125 0.000163696
0.83875 0.000163818
0.839375 0.00016394
0.84 0.000164063
0.840625 0.000164185
0.84125 0.000164307
0.841875 0.000164429
0.8425 0.000164551
0.843125 0.000164673
0.84375 0.000164795
0.844375 0.000164917
0.845 0.000165039
0.845625 0.000165161
0.84625 0.000165283
0.846875 0.000165405
0.8475 0.000165527
0.848125 0.000165649
0.84875 0.000165771
0.849375 0.000165894
0.85 0.000166016
0.850625 0.000166138
0.85125 0.00016626
0.851875 0.000166382
0.8525 0.000166504
0.853125 0.000166626
0.85375 0.000166748
0.854375 0.00016687
0.855 0.000166992
0.855625 0.000167114
0.85625 0.000167236
0.856875 0.000167358
0.8575 0.00016748
0.858125 0.000167603
0.85875 0.000167725
0.859375 0.000167847
0.86 0.000167969
0.860625 0.000168091
0.86125 0.000168213
0.861875 0.000168335
0.8625 0.000168457
0.863125 0.000168579
0.86375 0.000168701
0.864375 0.000168823
0.865 0.000168945
0.865625 0.000169067
0.86625 0.000169189
0.866875 0.000169312
0.8675 0.000169434
0.868125 0.000169556
0.86875 0.000169678
0.869375 0.0001698
0.87 0.000169922
0.870625 0.000170044
0.87125 0.000170166
0.871875 0.000170288
0.8725 0.00017041
0.873125 0.000170532
0.87375 0.000170654
0.874375 0.000170776
0.875 0.000170898
0.875625 0.000171021
0.87625 0.000171143
0.876875 0.000171265
0.8775 0.000171387
0.878125 0.000171509
0.87875 0.000171631
0.879375 0.000171753
0.88 0.000171875
0.880625 0.000171997
0.88125 0.000172119
0.881875 0.000172241
0.8825 0.000172363
0.883125 0.000172485
0.88375 0.000172607
0.884375 0.000172729
0.885 0.000172852
0.885625 0.000172974
0.88625 0.000173096
0.886875 0.000173218
0.8875 0.00017334
0.888125 0.000173462
0.88875 0.000173584
0.889375 0.000173706
0.89 0.000173828
0.890625 0.00017395
0.89125 0.000174072
0.891875 0.000174194
0.8925 0.000174316
0.893125 0.000174438
0.89375 0.000174561
0.894375 0.000174683
0.895 0.000174805
0.895625 0.000174927
0.89625 0.000175049
0.896875 0.000175171
0.8975 0.000175293
0.898125 0.000175415
0.89875 0.000175537
0.899375 0.000175659
0.9 0.000175781
0.900625 0.000175903
0.90125 0.000176025
0.901875 0.000176147
0.9025 0.00017627
0.903125 0.000176392
0.90375 0.000176514
0.904375 0.000176636
0.905 0.000176758
0.905625 0.00017688
0.90625 0.000177002
0.906875 0.000177124
0.9075 0.000177246
0.908125 0.000177368
0.90875 0.00017749
0.909375 0.000177612
0.91 0.000177734
0.910625 0.000177856
0.91125 0.000177978
0.911875 0.0001781
0.9125 0.000178223
0.913125 0.000178345
0.91375 0.000178467
0.914375 0.000178589
0.915 0.000178711
0.915625 0.000178833
0.91625 0.000178955
0.916875 0.000179077
0.9175 0.000179199
0.918125 0.000179321
0.91875 0.000179443
0.919375 0.000179565
0.92 0.000179687
0.920625 0.000179808
0.92125 0.00017993
0.921875 0.000180052
0.9225 0.000180174
0.923125 0.000180296
0.92375 0.000180418
0.924375 0.000180539
0.925 0.000180661
0.925625 0.000180783
0.92625 0.000180904
0.926875 0.000181026
0.9275 0.000181147
0.928125 0.000181268
0.92875 0.00018139
0.929375 0.000181511
0.93 0.000181632
0.930625 0.000181752
0.93125 0.000181873
0.931875 0.000181993
0.9325 0.000182114
0.933125 0.000182234
0.93375 0.000182353
0.934375 0.000182473
0.935 0.000182592
0.935625 0.00018271
0.93625 0.000182828
0.936875 0.000182946
0.9375 0.000183063
0.938125 0.00018318
0.93875 0.000183296
0.939375 0.000183411
0.94 0.000183525
0.940625 0.000183638
0.94125 0.000183751
0.941875 0.000183862
0.9425 0.000183972
0.943125 0.00018408
0.94375 0.000184187
0.944375 0.000184292
0.945 0.000184396
0.945625 0.000184497
0.94625 0.000184596
0.946875 0.000184692
0.9475 0.000184786
0.948125 0.000184876
0.94875 0.000184963
0.949375 0.000185046
0.95 0.000185126
0.950625 0.0001852
0.95125 0.00018527
0.951875 0.000185335
0.9525 0.000185394
0.953125 0.000185446
0.95375 0.000185492
0.954375 0.00018553
0.955 0.00018556
0.955625 0.000185581
0.95625 0.000185592
0.956875 0.000185593
0.9575 0.000185582
0.958125 0.00018556
0.95875 0.000185523
0.959375 0.000185473
0.96 0.000185407
0.960625 0.000185324
0.96125 0.000185223
0.961875 0.000185102
0.9625 0.000184961
0.963125 0.000184796
0.96375 0.000184608
0.964375 0.000184394
0.965 0.000184151
0.965625 0.000183879
0.96625 0.000183575
0.966875 0.000183236
0.9675 0.000182861
0.968125 0.000182447
0.96875 0.000181991
0.969375 0.00018149
0.97 0.000180942
0.970625 0.000180344
0.97125 0.000179692
0.971875 0.000178983
0.9725 0.000178214
0.973125 0.00017738
0.97375 0.000176479
0.974375 0.000175505
0.975 0.000174456
0.975625 0.000173326
0.97625 0.000172111
0.976875 0.000170806
0.9775 0.000169407
0.978125 0.000167908
0.97875 0.000166304
0.979375 0.00016459
0.98 0.00016276
0.980625 0.000160808
0.98125 0.000158729
0.981875 0.000156515
0.9825 0.000154161
0.983125 0.000151661
0.98375 0.000149006
0.984375 0.000146191
0.985 0.000143209
0.985625 0.000140051
0.98625 0.000136711
0.986875 0.000133181
0.9875 0.000129453
0.988125 0.000125518
0.98875 0.00012137
0.989375 0.000116999
0.99 0.000112398
0.990625 0.000107557
0.99125 0.000102468
0.991875 9.71217e-05
0.9925 9.15095e-05
0.993125 8.5622e-05
0.99375 7.94502e-05
0.994375 7.29847e-05
0.995 6.62161e-05
0.995625 5.91348e-05
0.99625 5.17313e-05
0.996875 4.39959e-05
0.9975 3.5919e-05
0.998125 2.74907e-05
0.99875 1.87014e-05
0.999375 9.54107e-06
1 0
