0 0
0.0025 7.8125e-06
0.005 1.5625e-05
0.0075 2.34375e-05
0.01 3.125e-05
0.0125 3.90625e-05
0.015 4.6875e-05
0.0175 5.46875e-05
0.02 6.25e-05
0.0225 7.03125e-05
0.025 7.8125e-05
0.0275 8.59375e-05
0.03 9.375e-05
0.0325 0.000101563
0.035 0.000109375
0.0375 0.000117188
0.04 0.000125
0.0425 0.000132813
0.045 0.000140625
0.0475 0.000148438
0.05 0.00015625
0.0525 0.000164063
0.055 0.000171875
0.0575 0.000179688
0.06 0.0001875
0.0625 0.000195313
0.065 0.000203125
0.0675 0.000210938
0.07 0.00021875
0.0725 0.000226563
0.075 0.000234375
0.0775 0.000242188
0.08 0.00025
0.0825 0.000257813
0.085 0.000265625
0.0875 0.000273438
0.09 0.00028125
0.0925 0.000289063
0.095 0.000296875
0.0975 0.000304688
0.1 0.0003125
0.1025 0.000320313
0.105 0.000328125
0.1075 0.000335938
0.11 0.00034375
0.1125 0.000351563
0.115 0.000359375
0.1175 0.000367188
0.12 0.000375
0.1225 0.000382813
0.125 0.000390625
0.1275 0.000398438
0.13 0.00040625
0.1325 0.000414062
0.135 0.000421875
0.1375 0.000429687
0.14 0.0004375
0.1425 0.000445312
0.145 0.000453125
0.1475 0.000460937
0.15 0.00046875
0.1525 0.000476562
0.155 0.000484375
0.1575 0.000492187
0.16 0.0005
0.1625 0.000507812
0.165 0.000515625
0.1675 0.000523437
0.17 0.00053125
0.1725 0.000539062
0.175 0.000546875
0.1775 0.000554687
0.18 0.0005625
0.1825 0.000570313
0.185 0.000578125
0.1875 0.000585937
0.19 0.00059375
0.1925 0.000601562
0.195 0.000609375
0.1975 0.000617187
0.2 0.000625
0.2025 0.000632812
0.205 0.000640625
0.2075 0.000648437
0.21 0.00065625
0.2125 0.000664063
0.215 0.000671875
0.2175 0.000679688
0.22 0.0006875
0.2225 0.000695313
0.225 0.000703125
0.2275 0.000710937
0.23 0.00071875
0.2325 0.000726562
0.235 0.000734375
0.2375 0.000742187
0.24 0.00075
0.2425 0.000757812
0.245 0.000765625
0.2475 0.000773438
0.25 0.00078125
0.2525 0.000789063
0.255 0.000796875
0.2575 0.000804688
0.26 0.0008125
0.2625 0.000820312
0.265 0.000828125
0.2675 0.000835937
0.27 0.00084375
0.2725 0.000851562
0.275 0.000859375
0.2775 0.000867187
0.28 0.000875
0.2825 0.000882812
0.285 0.000890625
0.2875 0.000898437
0.29 0.00090625
0.2925 0.000914062
0.295 0.000921875
0.2975 0.000929687
0.3 0.0009375
0.3025 0.000945312
0.305 0.000953125
0.3075 0.000960937
0.31 0.00096875
0.3125 0.000976562
0.315 0.000984375
0.3175 0.000992187
0.32 0.001
0.3225 0.00100781
0.325 0.00101562
0.3275 0.00102344
0.33 0.00103125
0.3325 0.00103906
0.335 0.00104687
0.3375 0.00105469
0.34 0.0010625
0.3425 0.00107031
0.345 0.00107812
0.3475 0.00108594
0.35 0.00109375
0.3525 0.00110156
0.355 0.00110938
0.3575 0.00111719
0.36 0.001125
0.3625 0.00113281
0.365 0.00114063
0.3675 0.00114844
0.37 0.00115625
0.3725 0.00116406
0.375 0.00117188
0.3775 0.00117969
0.38 0.0011875
0.3825 0.00119531
0.385 0.00120312
0.3875 0.00121094
0.39 0.00121875
0.3925 0.00122656
0.395 0.00123437
0.3975 0.00124219
0.4 0.00125
0.4025 0.00125781
0.405 0.00126562
0.4075 0.00127344
0.41 0.00128125
0.4125 0.00128906
0.415 0.00129687
0.4175 0.00130469
0.42 0.0013125
0.4225 0.00132031
0.425 0.00132812
0.4275 0.00133594
0.43 0.00134375
0.4325 0.00135156
0.435 0.00135937
0.4375 0.00136719
0.44 0.001375
0.4425 0.00138281
0.445 0.00139062
0.4475 0.00139844
0.45 0.00140625
0.4525 0.00141406
0.455 0.00142187
0.4575 0.00142969
0.46 0.0014375
0.4625 0.00144531
0.465 0.00145312
0.4675 0.00146094
0.47 0.00146875
0.4725 0.00147656
0.475 0.00148437
0.4775 0.00149219
0.48 0.0015
0.4825 0.00150781
0.485 0.00151562
0.4875 0.00152344
0.49 0.00153125
0.4925 0.00153906
0.495 0.00154687
0.4975 0.00155469
0.5 0.0015625
0.5025 0.00157031
0.505 0.00157812
0.5075 0.00158594
0.51 0.00159375
0.5125 0.00160156
0.515 0.00160937
0.5175 0.00161719
0.52 0.001625
0.5225 0.00163281
0.525 0.00164062
0.5275 0.00164844
0.53 0.00165625
0.5325 0.00166406
0.535 0.00167187
0.5375 0.00167969
0.54 0.0016875
0.5425 0.00169531
0.545 0.00170312
0.5475 0.00171094
0.55 0.00171875
0.5525 0.00172656
0.555 0.00173437
0.5575 0.00174219
0.56 0.00175
0.5625 0.00175781
0.565 0.00176562
0.5675 0.00177344
0.57 0.00178125
0.5725 0.00178906
0.575 0.00179687
0.5775 0.00180469
0.58 0.0018125
0.5825 0.00182031
0.585 0.00182812
0.5875 0.00183594
0.59 0.00184375
0.5925 0.00185156
0.595 0.00185937
0.5975 0.00186719
0.6 0.001875
0.6025 0.00188281
0.605 0.00189062
0.6075 0.00189844
0.61 0.00190625
0.6125 0.00191406
0.615 0.00192187
0.6175 0.00192969
0.62 0.0019375
0.6225 0.00194531
0.625 0.00195312
0.6275 0.00196094
0.63 0.00196875
0.6325 0.00197656
0.635 0.00198437
0.6375 0.00199219
0.64 0.002
0.6425 0.00200781
0.645 0.00201562
0.6475 0.00202344
0.65 0.00203125
0.6525 0.00203906
0.655 0.00204687
0.6575 0.00205468
0.66 0.0020625
0.6625 0.00207031
0.665 0.00207812
0.6675 0.00208593
0.67 0.00209374
0.6725 0.00210155
0.675 0.00210936
0.6775 0.00211717
0.68 0.00212498
0.6825 0.0021328
0.685 0.0021406
0.6875 0.00214841
0.69 0.00215622
0.6925 0.00216403
0.695 0.00217184
0.6975 0.00217965
0.7 0.00218745
0.7025 0.00219526
0.705 0.00220306
0.7075 0.00221086
0.71 0.00221867
0.7125 0.00222647
0.715 0.00223427
0.7175 0.00224206
0.72 0.00224986
0.7225 0.00225765
0.725 0.00226544
0.7275 0.00227322
0.73 0.00228101
0.7325 0.00228878
0.735 0.00229656
0.7375 0.00230433
0.74 0.00231209
0.7425 0.00231985
0.745 0.0023276
0.7475 0.00233534
0.75 0.00234308
0.7525 0.0023508
0.755 0.00235851
0.7575 0.00236621
0.76 0.0023739
0.7625 0.00238157
0.765 0.00238923
0.7675 0.00239687
0.77 0.00240449
0.7725 0.00241208
0.775 0.00241965
0.7775 0.00242719
0.78 0.00243471
0.7825 0.00244218
0.785 0.00244962
0.7875 0.00245703
0.79 0.00246438
0.7925 0.00247169
0.795 0.00247894
0.7975 0.00248613
0.8 0.00249326
0.8025 0.00250032
0.805 0.0025073
0.8075 0.00251419
0.81 0.00252099
0.8125 0.00252769
0.815 0.00253428
0.8175 0.00254075
0.82 0.00254708
0.8225 0.00255328
0.825 0.00255932
0.8275 0.00256519
0.83 0.00257088
0.8325 0.00257638
0.835 0.00258166
0.8375 0.00258671
0.84 0.00259151
0.8425 0.00259604
0.845 0.00260028
0.8475 0.00260421
0.85 0.00260781
0.8525 0.00261104
0.855 0.00261389
0.8575 0.00261632
0.86 0.0026183
0.8625 0.0026198
0.865 0.00262079
0.8675 0.00262123
0.87 0.00262109
0.8725 0.00262032
0.875 0.00261888
0.8775 0.00261674
0.88 0.00261383
0.8825 0.00261011
0.885 0.00260554
0.8875 0.00260006
0.89 0.00259361
0.8925 0.00258613
0.895 0.00257757
0.8975 0.00256785
0.9 0.00255692
0.9025 0.0025447
0.905 0.00253112
0.9075 0.0025161
0.91 0.00249957
0.9125 0.00248145
0.915 0.00246165
0.9175 0.00244008
0.92 0.00241666
0.9225 0.00239129
0.925 0.00236388
0.9275 0.00233432
0.93 0.00230252
0.9325 0.00226837
0.935 0.00223176
0.9375 0.00219258
0.94 0.00215072
0.9425 0.00210605
0.945 0.00205847
0.9475 0.00200785
0.95 0.00195405
0.9525 0.00189697
0.955 0.00183645
0.9575 0.00177238
0.96 0.00170462
0.9625 0.00163302
0.965 0.00155746
0.9675 0.00147778
0.97 0.00139384
0.9725 0.0013055
0.975 0.00121261
0.9775 0.00111502
0.98 0.00101258
0.9825 0.000905141
0.985 0.000792544
0.9875 0.000674637
0.99 0.000551266
0.9925 0.000422273
0.995 0.000287503
0.9975 0.000146798
1 0
