0 0
0.00125 9.76563e-07
0.0025 1.95313e-06
0.00375 2.92969e-06
0.005 3.90625e-06
0.00625 4.88281e-06
0.0075 5.85938e-06
0.00875 6.83594e-06
0.01 7.8125e-06
0.01125 8.78906e-06
0.0125 9.76563e-06
0.01375 1.07422e-05
0.015 1.17188e-05
0.01625 1.26953e-05
0.0175 1.36719e-05
0.01875 1.46484e-05
0.02 1.5625e-05
0.02125 1.66016e-05
0.0225 1.75781e-05
0.02375 1.85547e-05
0.025 1.95313e-05
0.02625 2.05078e-05
0.0275 2.14844e-05
0.02875 2.24609e-05
0.03 2.34375e-05
0.03125 2.44141e-05
0.0325 2.53906e-05
0.03375 2.63672e-05
0.035 2.73438e-05
0.03625 2.83203e-05
0.0375 2.92969e-05
0.03875 3.02734e-05
0.04 3.125e-05
0.04125 3.22266e-05
0.0425 3.32031e-05
0.04375 3.41797e-05
0.045 3.51563e-05
0.04625 3.61328e-05
0.0475 3.71094e-05
0.04875 3.80859e-05
0.05 3.90625e-05
0.05125 4.00391e-05
0.0525 4.10156e-05
0.05375 4.19922e-05
0.055 4.29688e-05
0.05625 4.39453e-05
0.0575 4.49219e-05
0.05875 4.58984e-05
0.06 4.6875e-05
0.06125 4.78516e-05
0.0625 4.88281e-05
0.06375 4.98047e-05
0.065 5.07813e-05
0.06625 5.17578e-05
0.0675 5.27344e-05
0.06875 5.37109e-05
0.07 5.46875e-05
0.07125 5.56641e-05
0.0725 5.66406e-05
0.07375 5.76172e-05
0.075 5.85937e-05
0.07625 5.95703e-05
0.0775 6.05469e-05
0.07875 6.15234e-05
0.08 6.25e-05
0.08125 6.34766e-05
0.0825 6.44531e-05
0.08375 6.54297e-05
0.085 6.64062e-05
0.08625 6.73828e-05
0.0875 6.83594e-05
0.08875 6.93359e-05
0.09 7.03125e-05
0.09125 7.12891e-05
0.0925 7.22656e-05
0.09375 7.32422e-05
0.095 7.42187e-05
0.09625 7.51953e-05
0.0975 7.61719e-05
0.09875 7.71484e-05
0.1 7.8125e-05
0.10125 7.91016e-05
0.1025 8.00781e-05
0.10375 8.10547e-05
0.105 8.20312e-05
0.10625 8.30078e-05
0.1075 8.39844e-05
0.10875 8.49609e-05
0.11 8.59375e-05
0.11125 8.69141e-05
0.1125 8.78906e-05
0.11375 8.88672e-05
0.115 8.98437e-05
0.11625 9.08203e-05
0.1175 9.17969e-05
0.11875 9.27734e-05
0.12 9.375e-05
0.12125 9.47266e-05
0.1225 9.57031e-05
0.12375 9.66797e-05
0.125 9.76563e-05
0.12625 9.86328e-05
0.1275 9.96094e-05
0.12875 0.000100586
0.13 0.000101563
0.13125 0.000102539
0.1325 0.000103516
0.13375 0.000104492
0.135 0.000105469
0.13625 0.000106445
0.1375 0.000107422
0.13875 0.000108398
0.14 0.000109375
0.14125 0.000110352
0.1425 0.000111328
0.14375 0.000112305
0.145 0.000113281
0.14625 0.000114258
0.1475 0.000115234
0.14875 0.000116211
0.15 0.000117187
0.15125 0.000118164
0.1525 0.000119141
0.15375 0.000120117
0.155 0.000121094
0.15625 0.00012207
0.1575 0.000123047
0.15875 0.000124023
0.16 0.000125
0.16125 0.000125977
0.1625 0.000126953
0.16375 0.00012793
0.165 0.000128906
0.16625 0.000129883
0.1675 0.000130859
0.16875 0.000131836
0.17 0.000132812
0.17125 0.000133789
0.1725 0.000134766
0.17375 0.000135742
0.175 0.000136719
0.17625 0.000137695
0.1775 0.000138672
0.17875 0.000139648
0.18 0.000140625
0.18125 0.000141602
0.1825 0.000142578
0.18375 0.000143555
0.185 0.000144531
0.18625 0.000145508
0.1875 0.000146484
0.18875 0.000147461
0.19 0.000148437
0.19125 0.000149414
0.1925 0.000150391
0.19375 0.000151367
0.195 0.000152344
0.19625 0.00015332
0.1975 0.000154297
0.19875 0.000155273
0.2 0.00015625
0.20125 0.000157227
0.2025 0.000158203
0.20375 0.00015918
0.205 0.000160156
0.20625 0.000161133
0.2075 0.000162109
0.20875 0.000163086
0.21 0.000164063
0.21125 0.000165039
0.2125 0.000166016
0.21375 0.000166992
0.215 0.000167969
0.21625 0.000168945
0.2175 0.000169922
0.21875 0.000170898
0.22 0.000171875
0.22125 0.000172852
0.2225 0.000173828
0.22375 0.000174805
0.225 0.000175781
0.22625 0.000176758
0.2275 0.000177734
0.22875 0.000178711
0.23 0.000179687
0.23125 0.000180664
0.2325 0.000181641
0.23375 0.000182617
0.235 0.000183594
0.23625 0.00018457
0.2375 0.000185547
0.23875 0.000186523
0.24 0.0001875
0.24125 0.000188477
0.2425 0.000189453
0.24375 0.00019043
0.245 0.000191406
0.24625 0.000192383
0.2475 0.000193359
0.24875 0.000194336
0.25 0.000195313
0.25125 0.000196289
0.2525 0.000197266
0.25375 0.000198242
0.255 0.000199219
0.25625 0.000200195
0.2575 0.000201172
0.25875 0.000202148
0.26 0.000203125
0.26125 0.000204102
0.2625 0.000205078
0.26375 0.000206055
0.265 0.000207031
0.26625 0.000208008
0.2675 0.000208984
0.26875 0.000209961
0.27 0.000210937
0.27125 0.000211914
0.2725 0.000212891
0.27375 0.000213867
0.275 0.000214844
0.27625 0.00021582
0.2775 0.000216797
0.27875 0.000217773
0.28 0.00021875
0.28125 0.000219727
0.2825 0.000220703
0.28375 0.00022168
0.285 0.000222656
0.28625 0.000223633
0.2875 0.000224609
0.28875 0.000225586
0.29 0.000226563
0.29125 0.000227539
0.2925 0.000228516
0.29375 0.000229492
0.295 0.000230469
0.29625 0.000231445
0.2975 0.000232422
0.29875 0.000233398
0.3 0.000234375
0.30125 0.000235352
0.3025 0.000236328
0.30375 0.000237305
0.305 0.000238281
0.30625 0.000239258
0.3075 0.000240234
0.30875 0.000241211
0.31 0.000242187
0.31125 0.000243164
0.3125 0.000244141
0.31375 0.000245117
0.315 0.000246094
0.31625 0.00024707
0.3175 0.000248047
0.31875 0.000249023
0.32 0.00025
0.32125 0.000250977
0.3225 0.000251953
0.32375 0.00025293
0.325 0.000253906
0.32625 0.000254883
0.3275 0.000255859
0.32875 0.000256836
0.33 0.000257813
0.33125 0.000258789
0.3325 0.000259766
0.33375 0.000260742
0.335 0.000261719
0.33625 0.000262695
0.3375 0.000263672
0.33875 0.000264648
0.34 0.000265625
0.34125 0.000266602
0.3425 0.000267578
0.34375 0.000268555
0.345 0.000269531
0.34625 0.000270508
0.3475 0.000271484
0.34875 0.000272461
0.35 0.000273437
0.35125 0.000274414
0.3525 0.000275391
0.35375 0.000276367
0.355 0.000277344
0.35625 0.00027832
0.3575 0.000279297
0.35875 0.000280273
0.36 0.00028125
0.36125 0.000282227
0.3625 0.000283203
0.36375 0.00028418
0.365 0.000285156
0.36625 0.000286133
0.3675 0.000287109
0.36875 0.000288086
0.37 0.000289063
0.37125 0.000290039
0.3725 0.000291016
0.37375 0.000291992
0.375 0.000292969
0.37625 0.000293945
0.3775 0.000294922
0.37875 0.000295898
0.38 0.000296875
0.38125 0.000297852
0.3825 0.000298828
0.38375 0.000299805
0.385 0.000300781
0.38625 0.000301758
0.3875 0.000302734
0.38875 0.000303711
0.39 0.000304687
0.39125 0.000305664
0.3925 0.000306641
0.39375 0.000307617
0.395 0.000308594
0.39625 0.00030957
0.3975 0.000310547
0.39875 0.000311523
0.4 0.0003125
0.40125 0.000313477
0.4025 0.000314453
0.40375 0.00031543
0.405 0.000316406
0.40625 0.000317383
0.4075 0.000318359
0.40875 0.000319336
0.41 0.000320313
0.41125 0.000321289
0.4125 0.000322266
0.41375 0.000323242
0.415 0.000324219
0.41625 0.000325195
0.4175 0.000326172
0.41875 0.000327148
0.42 0.000328125
0.42125 0.000329102
0.4225 0.000330078
0.42375 0.000331055
0.425 0.000332031
0.42625 0.000333008
0.4275 0.000333984
0.42875 0.000334961
0.43 0.000335937
0.43125 0.000336914
0.4325 0.000337891
0.43375 0.000338867
0.435 0.000339844
0.43625 0.00034082
0.4375 0.000341797
0.43875 0.000342773
0.44 0.00034375
0.44125 0.000344727
0.4425 0.000345703
0.44375 0.00034668
0.445 0.000347656
0.44625 0.000348633
0.4475 0.000349609
0.44875 0.000350586
0.45 0.000351562
0.45125 0.000352539
0.4525 0.000353516
0.45375 0.000354492
0.455 0.000355469
0.45625 0.000356445
0.4575 0.000357422
0.45875 0.000358398
0.46 0.000359375
0.46125 0.000360352
0.4625 0.000361328
0.46375 0.000362305
0.465 0.000363281
0.46625 0.000364258
0.4675 0.000365234
0.46875 0.000366211
0.47 0.000367187
0.47125 0.000368164
0.4725 0.000369141
0.47375 0.000370117
0.475 0.000371094
0.47625 0.00037207
0.4775 0.000373047
0.47875 0.000374023
0.48 0.000375
0.48125 0.000375977
0.4825 0.000376953
0.48375 0.00037793
0.485 0.000378906
0.48625 0.000379883
0.4875 0.000380859
0.48875 0.000381836
0.49 0.000382812
0.49125 0.000383789
0.4925 0.000384766
0.49375 0.000385742
0.495 0.000386719
0.49625 0.000387695
0.4975 0.000388672
0.49875 0.000389648
0.5 0.000390625
0.50125 0.000391602
0.5025 0.000392578
0.50375 0.000393555
0.505 0.000394531
0.50625 0.000395508
0.5075 0.000396484
0.50875 0.000397461
0.51 0.000398438
0.51125 0.000399414
0.5125 0.000400391
0.51375 0.000401367
0.515 0.000402344
0.51625 0.00040332
0.5175 0.000404297
0.51875 0.000405273
0.52 0.00040625
0.52125 0.000407227
0.5225 0.000408203
0.52375 0.00040918
0.525 0.000410156
0.52625 0.000411133
0.5275 0.000412109
0.52875 0.000413086
0.53 0.000414062
0.53125 0.000415039
0.5325 0.000416016
0.53375 0.000416992
0.535 0.000417969
0.53625 0.000418945
0.5375 0.000419922
0.53875 0.000420898
0.54 0.000421875
0.54125 0.000422852
0.5425 0.000423828
0.54375 0.000424805
0.545 0.000425781
0.54625 0.000426758
0.5475 0.000427734
0.54875 0.000428711
0.55 0.000429687
0.55125 0.000430664
0.5525 0.000431641
0.55375 0.000432617
0.555 0.000433594
0.55625 0.00043457
0.5575 0.000435547
0.55875 0.000436523
0.56 0.0004375
0.56125 0.000438477
0.5625 0.000439453
0.56375 0.00044043
0.565 0.000441406
0.56625 0.000442383
0.5675 0.000443359
0.56875 0.000444336
0.57 0.000445312
0.57125 0.000446289
0.5725 0.000447266
0.57375 0.000448242
0.575 0.000449219
0.57625 0.000450195
0.5775 0.000451172
0.57875 0.000452148
0.58 0.000453125
0.58125 0.000454102
0.5825 0.000455078
0.58375 0.000456055
0.585 0.000457031
0.58625 0.000458008
0.5875 0.000458984
0.58875 0.000459961
0.59 0.000460937
0.59125 0.000461914
0.5925 0.000462891
0.59375 0.000463867
0.595 0.000464844
0.59625 0.00046582
0.5975 0.000466797
0.59875 0.000467773
0.6 0.00046875
0.60125 0.000469727
0.6025 0.000470703
0.60375 0.00047168
0.605 0.000472656
0.60625 0.000473633
0.6075 0.000474609
0.60875 0.000475586
0.61 0.000476562
0.61125 0.000477539
0.6125 0.000478516
0.61375 0.000479492
0.615 0.000480469
0.61625 0.000481445
0.6175 0.000482422
0.61875 0.000483398
0.62 0.000484375
0.62125 0.000485352
0.6225 0.000486328
0.62375 0.000487305
0.625 0.000488281
0.62625 0.000489258
0.6275 0.000490234
0.62875 0.000491211
0.63 0.000492187
0.63125 0.000493164
0.6325 0.000494141
0.63375 0.000495117
0.635 0.000496094
0.63625 0.00049707
0.6375 0.000498047
0.63875 0.000499023
0.64 0.0005
0.64125 0.000500977
0.6425 0.000501953
0.64375 0.00050293
0.645 0.000503906
0.64625 0.000504883
0.6475 0.000505859
0.64875 0.000506836
0.65 0.000507812
0.65125 0.000508789
0.6525 0.000509766
0.65375 0.000510742
0.655 0.000511719
0.65625 0.000512695
0.6575 0.000513672
0.65875 0.000514648
0.66 0.000515625
0.66125 0.000516602
0.6625 0.000517578
0.66375 0.000518555
0.665 0.000519531
0.66625 0.000520508
0.6675 0.000521484
0.66875 0.000522461
0.67 0.000523437
0.67125 0.000524414
0.6725 0.000525391
0.67375 0.000526367
0.675 0.000527344
0.67625 0.00052832
0.6775 0.000529297
0.67875 0.000530273
0.68 0.00053125
0.68125 0.000532227
0.6825 0.000533203
0.68375 0.00053418
0.685 0.000535156
0.68625 0.000536133
0.6875 0.000537109
0.68875 0.000538086
0.69 0.000539062
0.69125 0.000540039
0.6925 0.000541016
0.69375 0.000541992
0.695 0.000542969
0.69625 0.000543945
0.6975 0.000544922
0.69875 0.000545898
0.7 0.000546875
0.70125 0.000547852
0.7025 0.000548828
0.70375 0.000549805
0.705 0.000550781
0.70625 0.000551758
0.7075 0.000552734
0.70875 0.000553711
0.71 0.000554687
0.71125 0.000555664
0.7125 0.000556641
0.71375 0.000557617
0.715 0.000558594
0.71625 0.00055957
0.7175 0.000560547
0.71875 0.000561523
0.72 0.0005625
0.72125 0.000563477
0.7225 0.000564453
0.72375 0.00056543
0.725 0.000566406
0.72625 0.000567383
0.7275 0.000568359
0.72875 0.000569336
0.73 0.000570312
0.73125 0.000571289
0.7325 0.000572266
0.73375 0.000573242
0.735 0.000574219
0.73625 0.000575195
0.7375 0.000576172
0.73875 0.000577148
0.74 0.000578125
0.74125 0.000579102
0.7425 0.000580078
0.74375 0.000581055
0.745 0.000582031
0.74625 0.000583008
0.7475 0.000583984
0.74875 0.000584961
0.75 0.000585937
0.75125 0.000586914
0.7525 0.000587891
0.75375 0.000588867
0.755 0.000589844
0.75625 0.00059082
0.7575 0.000591797
0.75875 0.000592773
0.76 0.00059375
0.76125 0.000594727
0.7625 0.000595703
0.76375 0.00059668
0.765 0.000597656
0.76625 0.000598633
0.7675 0.000599609
0.76875 0.000600586
0.77 0.000601562
0.77125 0.000602539
0.7725 0.000603516
0.77375 0.000604492
0.775 0.000605469
0.77625 0.000606445
0.7775 0.000607422
0.77875 0.000608398
0.78 0.000609375
0.78125 0.000610352
0.7825 0.000611328
0.78375 0.000612305
0.785 0.000613281
0.78625 0.000614258
0.7875 0.000615234
0.78875 0.000616211
0.79 0.000617187
0.79125 0.000618164
0.7925 0.000619141
0.79375 0.000620117
0.795 0.000621094
0.79625 0.00062207
0.7975 0.000623047
0.79875 0.000624023
0.8 0.000625
0.80125 0.000625977
0.8025 0.000626953
0.80375 0.00062793
0.805 0.000628906
0.80625 0.000629883
0.8075 0.000630859
0.80875 0.000631836
0.81 0.000632812
0.81125 0.000633789
0.8125 0.000634766
0.81375 0.000635742
0.815 0.000636719
0.81625 0.000637695
0.8175 0.000638672
0.81875 0.000639648
0.82 0.000640625
0.82125 0.000641601
0.8225 0.000642578
0.82375 0.000643554
0.825 0.000644531
0.82625 0.000645507
0.8275 0.000646484
0.82875 0.00064746
0.83 0.000648436
0.83125 0.000649413
0.8325 0.000650389
0.83375 0.000651365
0.835 0.000652342
0.83625 0.000653318
0.8375 0.000654294
0.83875 0.00065527
0.84 0.000656246
0.84125 0.000657222
0.8425 0.000658198
0.84375 0.000659174
0.845 0.00066015
0.84625 0.000661125
0.8475 0.0006621
0.84875 0.000663076
0.85 0.000664051
0.85125 0.000665025
0.8525 0.000666
0.85375 0.000666974
0.855 0.000667948
0.85625 0.000668921
0.8575 0.000669894
0.85875 0.000670867
0.86 0.000671839
0.86125 0.00067281
0.8625 0.000673781
0.86375 0.000674751
0.865 0.00067572
0.86625 0.000676688
0.8675 0.000677655
0.86875 0.000678621
0.87 0.000679585
0.87125 0.000680548
0.8725 0.000681509
0.87375 0.000682468
0.875 0.000683425
0.87625 0.00068438
0.8775 0.000685331
0.87875 0.00068628
0.88 0.000687225
0.88125 0.000688167
0.8825 0.000689105
0.88375 0.000690037
0.885 0.000690965
0.88625 0.000691887
0.8875 0.000692803
0.88875 0.000693712
0.89 0.000694614
0.89125 0.000695507
0.8925 0.000696391
0.89375 0.000697264
0.895 0.000698126
0.89625 0.000698977
0.8975 0.000699813
0.89875 0.000700635
0.9 0.00070144
0.90125 0.000702228
0.9025 0.000702996
0.90375 0.000703743
0.905 0.000704466
0.90625 0.000705165
0.9075 0.000705835
0.90875 0.000706476
0.91 0.000707083
0.91125 0.000707656
0.9125 0.000708189
0.91375 0.000708681
0.915 0.000709127
0.91625 0.000709523
0.9175 0.000709867
0.91875 0.000710153
0.92 0.000710377
0.92125 0.000710533
0.9225 0.000710617
0.92375 0.000710623
0.925 0.000710546
0.92625 0.000710377
0.9275 0.000710112
0.92875 0.000709743
0.93 0.000709262
0.93125 0.000708661
0.9325 0.000707932
0.93375 0.000707066
0.935 0.000706054
0.93625 0.000704885
0.9375 0.000703549
0.93875 0.000702035
0.94 0.000700332
0.94125 0.000698427
0.9425 0.000696308
0.94375 0.00069396
0.945 0.000691371
0.94625 0.000688525
0.9475 0.000685408
0.94875 0.000682002
0.95 0.000678292
0.95125 0.00067426
0.9525 0.000669889
0.95375 0.000665158
0.955 0.000660049
0.95625 0.000654542
0.9575 0.000648615
0.95875 0.000642247
0.96 0.000635415
0.96125 0.000628096
0.9625 0.000620267
0.96375 0.000611901
0.965 0.000602974
0.96625 0.000593459
0.9675 0.00058333
0.96875 0.000572559
0.97 0.000561117
0.97125 0.000548974
0.9725 0.000536102
0.97375 0.000522469
0.975 0.000508045
0.97625 0.000492796
0.9775 0.000476692
0.97875 0.000459697
0.98 0.00044178
0.98125 0.000422904
0.9825 0.000403036
0.98375 0.000382139
0.985 0.000360178
0.98625 0.000337117
0.9875 0.000312918
0.98875 0.000287544
0.99 0.000260958
0.99125 0.000233121
0.9925 0.000203995
0.99375 0.000173542
0.995 0.000141723
0.99625 0.000108498
0.9975 7.38289e-05
0.99875 3.7676e-05
1 0
